{"C:\\Users\\User\\Desktop\\Code\\Orbital\\Orbital-Catato\\app\\index.jsx": {"path":"C:\\Users\\User\\Desktop\\Code\\Orbital\\Orbital-Catato\\app\\index.jsx","statementMap":{"0":{"start":{"line":5,"column":33},"end":{"line":8,"column":1}},"1":{"start":{"line":11,"column":21},"end":{"line":11,"column":30}},"2":{"start":{"line":13,"column":4},"end":{"line":17,"column":6}}},"fnMap":{"0":{"name":"RootNavigation","decl":{"start":{"line":10,"column":24},"end":{"line":10,"column":38}},"loc":{"start":{"line":10,"column":41},"end":{"line":18,"column":1}},"line":10}},"branchMap":{"0":{"loc":{"start":{"line":15,"column":13},"end":{"line":15,"column":53}},"type":"cond-expr","locations":[{"start":{"line":15,"column":20},"end":{"line":15,"column":33}},{"start":{"line":15,"column":36},"end":{"line":15,"column":53}}],"line":15}},"s":{"0":0,"1":0,"2":0},"f":{"0":0},"b":{"0":[0,0]}}
,"C:\\Users\\User\\Desktop\\Code\\Orbital\\Orbital-Catato\\app\\components\\Button.jsx": {"path":"C:\\Users\\User\\Desktop\\Code\\Orbital\\Orbital-Catato\\app\\components\\Button.jsx","statementMap":{"0":{"start":{"line":4,"column":19},"end":{"line":15,"column":1}},"1":{"start":{"line":5,"column":4},"end":{"line":14,"column":5}}},"fnMap":{"0":{"name":"(anonymous_0)","decl":{"start":{"line":4,"column":19},"end":{"line":4,"column":20}},"loc":{"start":{"line":4,"column":30},"end":{"line":15,"column":1}},"line":4}},"branchMap":{"0":{"loc":{"start":{"line":7,"column":54},"end":{"line":7,"column":74}},"type":"binary-expr","locations":[{"start":{"line":7,"column":54},"end":{"line":7,"column":65}},{"start":{"line":7,"column":69},"end":{"line":7,"column":74}}],"line":7},"1":{"loc":{"start":{"line":9,"column":26},"end":{"line":9,"column":50}},"type":"binary-expr","locations":[{"start":{"line":9,"column":26},"end":{"line":9,"column":36}},{"start":{"line":9,"column":40},"end":{"line":9,"column":50}}],"line":9},"2":{"loc":{"start":{"line":11,"column":25},"end":{"line":11,"column":48}},"type":"binary-expr","locations":[{"start":{"line":11,"column":25},"end":{"line":11,"column":36}},{"start":{"line":11,"column":40},"end":{"line":11,"column":48}}],"line":11}},"s":{"0":2,"1":8},"f":{"0":8},"b":{"0":[8,8],"1":[8,8],"2":[8,4]},"_coverageSchema":"1a1c01bbd47fc00a2c39e90264f33305004495a9","hash":"171a390e0ce1bc2c45487d273366e2ec0b003d90"}
,"C:\\Users\\User\\Desktop\\Code\\Orbital\\Orbital-Catato\\app\\components\\Carousel.jsx": {"path":"C:\\Users\\User\\Desktop\\Code\\Orbital\\Orbital-Catato\\app\\components\\Carousel.jsx","statementMap":{"0":{"start":{"line":7,"column":4},"end":{"line":9,"column":5}},"1":{"start":{"line":8,"column":8},"end":{"line":8,"column":25}},"2":{"start":{"line":11,"column":4},"end":{"line":15,"column":5}},"3":{"start":{"line":12,"column":8},"end":{"line":12,"column":44}},"4":{"start":{"line":13,"column":11},"end":{"line":15,"column":5}},"5":{"start":{"line":14,"column":8},"end":{"line":14,"column":52}},"6":{"start":{"line":16,"column":4},"end":{"line":16,"column":21}},"7":{"start":{"line":20,"column":21},"end":{"line":55,"column":1}},"8":{"start":{"line":21,"column":23},"end":{"line":21,"column":38}},"9":{"start":{"line":22,"column":30},"end":{"line":22,"column":32}},"10":{"start":{"line":24,"column":4},"end":{"line":54,"column":6}},"11":{"start":{"line":33,"column":42},"end":{"line":33,"column":85}},"12":{"start":{"line":36,"column":43},"end":{"line":36,"column":53}},"13":{"start":{"line":38,"column":16},"end":{"line":51,"column":18}},"14":{"start":{"line":43,"column":39},"end":{"line":44,"column":99}}},"fnMap":{"0":{"name":"getInfo1","decl":{"start":{"line":6,"column":9},"end":{"line":6,"column":17}},"loc":{"start":{"line":6,"column":37},"end":{"line":17,"column":1}},"line":6},"1":{"name":"(anonymous_1)","decl":{"start":{"line":20,"column":21},"end":{"line":20,"column":22}},"loc":{"start":{"line":20,"column":67},"end":{"line":55,"column":1}},"line":20},"2":{"name":"(anonymous_2)","decl":{"start":{"line":33,"column":36},"end":{"line":33,"column":37}},"loc":{"start":{"line":33,"column":42},"end":{"line":33,"column":85}},"line":33},"3":{"name":"(anonymous_3)","decl":{"start":{"line":36,"column":26},"end":{"line":36,"column":27}},"loc":{"start":{"line":36,"column":43},"end":{"line":36,"column":53}},"line":36},"4":{"name":"(anonymous_4)","decl":{"start":{"line":37,"column":24},"end":{"line":37,"column":25}},"loc":{"start":{"line":37,"column":36},"end":{"line":52,"column":13}},"line":37},"5":{"name":"(anonymous_5)","decl":{"start":{"line":43,"column":33},"end":{"line":43,"column":34}},"loc":{"start":{"line":43,"column":39},"end":{"line":44,"column":99}},"line":43}},"branchMap":{"0":{"loc":{"start":{"line":7,"column":4},"end":{"line":9,"column":5}},"type":"if","locations":[{"start":{"line":7,"column":4},"end":{"line":9,"column":5}},{"start":{},"end":{}}],"line":7},"1":{"loc":{"start":{"line":7,"column":8},"end":{"line":7,"column":29}},"type":"binary-expr","locations":[{"start":{"line":7,"column":8},"end":{"line":7,"column":12}},{"start":{"line":7,"column":16},"end":{"line":7,"column":29}}],"line":7},"2":{"loc":{"start":{"line":11,"column":4},"end":{"line":15,"column":5}},"type":"if","locations":[{"start":{"line":11,"column":4},"end":{"line":15,"column":5}},{"start":{"line":13,"column":11},"end":{"line":15,"column":5}}],"line":11},"3":{"loc":{"start":{"line":11,"column":8},"end":{"line":11,"column":55}},"type":"binary-expr","locations":[{"start":{"line":11,"column":8},"end":{"line":11,"column":34}},{"start":{"line":11,"column":38},"end":{"line":11,"column":55}}],"line":11},"4":{"loc":{"start":{"line":13,"column":11},"end":{"line":15,"column":5}},"type":"if","locations":[{"start":{"line":13,"column":11},"end":{"line":15,"column":5}},{"start":{},"end":{}}],"line":13},"5":{"loc":{"start":{"line":13,"column":15},"end":{"line":13,"column":58}},"type":"binary-expr","locations":[{"start":{"line":13,"column":15},"end":{"line":13,"column":39}},{"start":{"line":13,"column":43},"end":{"line":13,"column":58}}],"line":13},"6":{"loc":{"start":{"line":47,"column":31},"end":{"line":49,"column":39}},"type":"cond-expr","locations":[{"start":{"line":48,"column":30},"end":{"line":48,"column":92}},{"start":{"line":49,"column":30},"end":{"line":49,"column":39}}],"line":47}},"s":{"0":31,"1":2,"2":29,"3":18,"4":11,"5":7,"6":4,"7":2,"8":11,"9":11,"10":11,"11":16,"12":24,"13":24,"14":1},"f":{"0":31,"1":11,"2":16,"3":24,"4":24,"5":1},"b":{"0":[2,29],"1":[31,30],"2":[18,11],"3":[29,18],"4":[7,4],"5":[11,8],"6":[24,0]},"_coverageSchema":"1a1c01bbd47fc00a2c39e90264f33305004495a9","hash":"b7b527dec9e786a6af3c76ac2d70af2c9672ff59"}
,"C:\\Users\\User\\Desktop\\Code\\Orbital\\Orbital-Catato\\app\\components\\CatAvatar.jsx": {"path":"C:\\Users\\User\\Desktop\\Code\\Orbital\\Orbital-Catato\\app\\components\\CatAvatar.jsx","statementMap":{"0":{"start":{"line":4,"column":18},"end":{"line":14,"column":1}},"1":{"start":{"line":5,"column":4},"end":{"line":13,"column":6}},"2":{"start":{"line":16,"column":27},"end":{"line":29,"column":1}},"3":{"start":{"line":17,"column":4},"end":{"line":28,"column":6}},"4":{"start":{"line":33,"column":15},"end":{"line":37,"column":2}}},"fnMap":{"0":{"name":"(anonymous_0)","decl":{"start":{"line":4,"column":18},"end":{"line":4,"column":19}},"loc":{"start":{"line":4,"column":29},"end":{"line":14,"column":1}},"line":4},"1":{"name":"(anonymous_1)","decl":{"start":{"line":16,"column":27},"end":{"line":16,"column":28}},"loc":{"start":{"line":16,"column":38},"end":{"line":29,"column":1}},"line":16}},"branchMap":{"0":{"loc":{"start":{"line":8,"column":24},"end":{"line":8,"column":81}},"type":"binary-expr","locations":[{"start":{"line":8,"column":24},"end":{"line":8,"column":38}},{"start":{"line":8,"column":42},"end":{"line":8,"column":81}}],"line":8},"1":{"loc":{"start":{"line":9,"column":22},"end":{"line":9,"column":39}},"type":"binary-expr","locations":[{"start":{"line":9,"column":22},"end":{"line":9,"column":32}},{"start":{"line":9,"column":36},"end":{"line":9,"column":39}}],"line":9},"2":{"loc":{"start":{"line":11,"column":43},"end":{"line":11,"column":63}},"type":"binary-expr","locations":[{"start":{"line":11,"column":43},"end":{"line":11,"column":53}},{"start":{"line":11,"column":57},"end":{"line":11,"column":63}}],"line":11},"3":{"loc":{"start":{"line":23,"column":28},"end":{"line":23,"column":85}},"type":"binary-expr","locations":[{"start":{"line":23,"column":28},"end":{"line":23,"column":42}},{"start":{"line":23,"column":46},"end":{"line":23,"column":85}}],"line":23},"4":{"loc":{"start":{"line":24,"column":26},"end":{"line":24,"column":43}},"type":"binary-expr","locations":[{"start":{"line":24,"column":26},"end":{"line":24,"column":36}},{"start":{"line":24,"column":40},"end":{"line":24,"column":43}}],"line":24},"5":{"loc":{"start":{"line":26,"column":47},"end":{"line":26,"column":67}},"type":"binary-expr","locations":[{"start":{"line":26,"column":47},"end":{"line":26,"column":57}},{"start":{"line":26,"column":61},"end":{"line":26,"column":67}}],"line":26}},"s":{"0":4,"1":9,"2":4,"3":19,"4":4},"f":{"0":9,"1":19},"b":{"0":[9,5],"1":[9,4],"2":[9,5],"3":[19,7],"4":[19,4],"5":[19,2]},"_coverageSchema":"1a1c01bbd47fc00a2c39e90264f33305004495a9","hash":"607605ac70336b7e9036456c0716d2f458ce122e"}
,"C:\\Users\\User\\Desktop\\Code\\Orbital\\Orbital-Catato\\app\\components\\CatCard.jsx": {"path":"C:\\Users\\User\\Desktop\\Code\\Orbital\\Orbital-Catato\\app\\components\\CatCard.jsx","statementMap":{"0":{"start":{"line":4,"column":16},"end":{"line":34,"column":1}},"1":{"start":{"line":5,"column":22},"end":{"line":5,"column":61}},"2":{"start":{"line":7,"column":4},"end":{"line":33,"column":6}},"3":{"start":{"line":36,"column":22},"end":{"line":48,"column":1}},"4":{"start":{"line":37,"column":4},"end":{"line":47,"column":6}}},"fnMap":{"0":{"name":"(anonymous_0)","decl":{"start":{"line":4,"column":16},"end":{"line":4,"column":17}},"loc":{"start":{"line":4,"column":27},"end":{"line":34,"column":1}},"line":4},"1":{"name":"(anonymous_1)","decl":{"start":{"line":36,"column":22},"end":{"line":36,"column":23}},"loc":{"start":{"line":36,"column":33},"end":{"line":48,"column":1}},"line":36}},"branchMap":{"0":{"loc":{"start":{"line":5,"column":22},"end":{"line":5,"column":61}},"type":"cond-expr","locations":[{"start":{"line":5,"column":40},"end":{"line":5,"column":55}},{"start":{"line":5,"column":58},"end":{"line":5,"column":61}}],"line":5},"1":{"loc":{"start":{"line":13,"column":24},"end":{"line":13,"column":81}},"type":"binary-expr","locations":[{"start":{"line":13,"column":24},"end":{"line":13,"column":38}},{"start":{"line":13,"column":42},"end":{"line":13,"column":81}}],"line":13},"2":{"loc":{"start":{"line":15,"column":31},"end":{"line":15,"column":51}},"type":"binary-expr","locations":[{"start":{"line":15,"column":31},"end":{"line":15,"column":41}},{"start":{"line":15,"column":45},"end":{"line":15,"column":51}}],"line":15},"3":{"loc":{"start":{"line":43,"column":24},"end":{"line":43,"column":81}},"type":"binary-expr","locations":[{"start":{"line":43,"column":24},"end":{"line":43,"column":38}},{"start":{"line":43,"column":42},"end":{"line":43,"column":81}}],"line":43},"4":{"loc":{"start":{"line":45,"column":31},"end":{"line":45,"column":51}},"type":"binary-expr","locations":[{"start":{"line":45,"column":31},"end":{"line":45,"column":41}},{"start":{"line":45,"column":45},"end":{"line":45,"column":51}}],"line":45}},"s":{"0":3,"1":29,"2":29,"3":3,"4":5},"f":{"0":29,"1":5},"b":{"0":[24,5],"1":[29,4],"2":[29,4],"3":[5,4],"4":[5,4]},"_coverageSchema":"1a1c01bbd47fc00a2c39e90264f33305004495a9","hash":"0cc1be0b85ed2b93b7365b318996b9652023ed6c"}
,"C:\\Users\\User\\Desktop\\Code\\Orbital\\Orbital-Catato\\app\\components\\FormComponents.jsx": {"path":"C:\\Users\\User\\Desktop\\Code\\Orbital\\Orbital-Catato\\app\\components\\FormComponents.jsx","statementMap":{"0":{"start":{"line":9,"column":21},"end":{"line":9,"column":34}},"1":{"start":{"line":10,"column":20},"end":{"line":10,"column":32}},"2":{"start":{"line":13,"column":21},"end":{"line":26,"column":1}},"3":{"start":{"line":14,"column":36},"end":{"line":14,"column":48}},"4":{"start":{"line":16,"column":4},"end":{"line":25,"column":5}},"5":{"start":{"line":20,"column":78},"end":{"line":20,"column":94}},"6":{"start":{"line":30,"column":18},"end":{"line":51,"column":1}},"7":{"start":{"line":31,"column":30},"end":{"line":31,"column":42}},"8":{"start":{"line":33,"column":4},"end":{"line":50,"column":6}},"9":{"start":{"line":54,"column":22},"end":{"line":73,"column":1}},"10":{"start":{"line":55,"column":32},"end":{"line":55,"column":66}},"11":{"start":{"line":57,"column":4},"end":{"line":72,"column":5}},"12":{"start":{"line":67,"column":70},"end":{"line":67,"column":84}},"13":{"start":{"line":76,"column":18},"end":{"line":108,"column":1}},"14":{"start":{"line":77,"column":28},"end":{"line":77,"column":48}},"15":{"start":{"line":78,"column":28},"end":{"line":78,"column":43}},"16":{"start":{"line":80,"column":21},"end":{"line":85,"column":5}},"17":{"start":{"line":81,"column":28},"end":{"line":81,"column":40}},"18":{"start":{"line":82,"column":8},"end":{"line":82,"column":23}},"19":{"start":{"line":83,"column":8},"end":{"line":83,"column":29}},"20":{"start":{"line":87,"column":4},"end":{"line":107,"column":5}},"21":{"start":{"line":111,"column":22},"end":{"line":131,"column":1}},"22":{"start":{"line":112,"column":36},"end":{"line":112,"column":53}},"23":{"start":{"line":114,"column":4},"end":{"line":130,"column":5}},"24":{"start":{"line":119,"column":86},"end":{"line":119,"column":104}},"25":{"start":{"line":134,"column":21},"end":{"line":158,"column":1}},"26":{"start":{"line":135,"column":34},"end":{"line":135,"column":49}},"27":{"start":{"line":136,"column":21},"end":{"line":136,"column":43}},"28":{"start":{"line":136,"column":27},"end":{"line":136,"column":43}},"29":{"start":{"line":137,"column":22},"end":{"line":137,"column":45}},"30":{"start":{"line":137,"column":28},"end":{"line":137,"column":45}},"31":{"start":{"line":139,"column":4},"end":{"line":157,"column":5}},"32":{"start":{"line":162,"column":15},"end":{"line":186,"column":4}}},"fnMap":{"0":{"name":"(anonymous_0)","decl":{"start":{"line":13,"column":21},"end":{"line":13,"column":22}},"loc":{"start":{"line":13,"column":32},"end":{"line":26,"column":1}},"line":13},"1":{"name":"(anonymous_1)","decl":{"start":{"line":20,"column":69},"end":{"line":20,"column":70}},"loc":{"start":{"line":20,"column":78},"end":{"line":20,"column":94}},"line":20},"2":{"name":"(anonymous_2)","decl":{"start":{"line":30,"column":18},"end":{"line":30,"column":19}},"loc":{"start":{"line":30,"column":29},"end":{"line":51,"column":1}},"line":30},"3":{"name":"(anonymous_3)","decl":{"start":{"line":54,"column":22},"end":{"line":54,"column":23}},"loc":{"start":{"line":54,"column":33},"end":{"line":73,"column":1}},"line":54},"4":{"name":"(anonymous_4)","decl":{"start":{"line":67,"column":60},"end":{"line":67,"column":61}},"loc":{"start":{"line":67,"column":69},"end":{"line":67,"column":85}},"line":67},"5":{"name":"(anonymous_5)","decl":{"start":{"line":76,"column":18},"end":{"line":76,"column":19}},"loc":{"start":{"line":76,"column":29},"end":{"line":108,"column":1}},"line":76},"6":{"name":"(anonymous_6)","decl":{"start":{"line":80,"column":21},"end":{"line":80,"column":22}},"loc":{"start":{"line":80,"column":46},"end":{"line":85,"column":5}},"line":80},"7":{"name":"(anonymous_7)","decl":{"start":{"line":111,"column":22},"end":{"line":111,"column":23}},"loc":{"start":{"line":111,"column":33},"end":{"line":131,"column":1}},"line":111},"8":{"name":"(anonymous_8)","decl":{"start":{"line":119,"column":75},"end":{"line":119,"column":76}},"loc":{"start":{"line":119,"column":86},"end":{"line":119,"column":104}},"line":119},"9":{"name":"(anonymous_9)","decl":{"start":{"line":134,"column":21},"end":{"line":134,"column":22}},"loc":{"start":{"line":134,"column":32},"end":{"line":158,"column":1}},"line":134},"10":{"name":"(anonymous_10)","decl":{"start":{"line":136,"column":21},"end":{"line":136,"column":22}},"loc":{"start":{"line":136,"column":27},"end":{"line":136,"column":43}},"line":136},"11":{"name":"(anonymous_11)","decl":{"start":{"line":137,"column":22},"end":{"line":137,"column":23}},"loc":{"start":{"line":137,"column":28},"end":{"line":137,"column":45}},"line":137}},"branchMap":{"0":{"loc":{"start":{"line":20,"column":29},"end":{"line":20,"column":94}},"type":"cond-expr","locations":[{"start":{"line":20,"column":49},"end":{"line":20,"column":66}},{"start":{"line":20,"column":69},"end":{"line":20,"column":94}}],"line":20},"1":{"loc":{"start":{"line":21,"column":22},"end":{"line":21,"column":66}},"type":"binary-expr","locations":[{"start":{"line":21,"column":22},"end":{"line":21,"column":32}},{"start":{"line":21,"column":36},"end":{"line":21,"column":66}}],"line":21},"2":{"loc":{"start":{"line":38,"column":23},"end":{"line":38,"column":45}},"type":"binary-expr","locations":[{"start":{"line":38,"column":23},"end":{"line":38,"column":34}},{"start":{"line":38,"column":38},"end":{"line":38,"column":45}}],"line":38},"3":{"loc":{"start":{"line":41,"column":23},"end":{"line":41,"column":56}},"type":"cond-expr","locations":[{"start":{"line":41,"column":37},"end":{"line":41,"column":48}},{"start":{"line":41,"column":51},"end":{"line":41,"column":56}}],"line":41},"4":{"loc":{"start":{"line":42,"column":30},"end":{"line":42,"column":80}},"type":"cond-expr","locations":[{"start":{"line":42,"column":51},"end":{"line":42,"column":69}},{"start":{"line":42,"column":72},"end":{"line":42,"column":80}}],"line":42},"5":{"loc":{"start":{"line":44,"column":23},"end":{"line":44,"column":72}},"type":"cond-expr","locations":[{"start":{"line":44,"column":37},"end":{"line":44,"column":56}},{"start":{"line":44,"column":59},"end":{"line":44,"column":72}}],"line":44},"6":{"loc":{"start":{"line":46,"column":61},"end":{"line":46,"column":110}},"type":"cond-expr","locations":[{"start":{"line":46,"column":75},"end":{"line":46,"column":94}},{"start":{"line":46,"column":97},"end":{"line":46,"column":110}}],"line":46},"7":{"loc":{"start":{"line":47,"column":24},"end":{"line":47,"column":50}},"type":"binary-expr","locations":[{"start":{"line":47,"column":24},"end":{"line":47,"column":39}},{"start":{"line":47,"column":43},"end":{"line":47,"column":50}}],"line":47},"8":{"loc":{"start":{"line":66,"column":23},"end":{"line":66,"column":57}},"type":"cond-expr","locations":[{"start":{"line":66,"column":37},"end":{"line":66,"column":48}},{"start":{"line":66,"column":51},"end":{"line":66,"column":57}}],"line":66},"9":{"loc":{"start":{"line":67,"column":26},"end":{"line":67,"column":85}},"type":"cond-expr","locations":[{"start":{"line":67,"column":43},"end":{"line":67,"column":57}},{"start":{"line":67,"column":60},"end":{"line":67,"column":85}}],"line":67},"10":{"loc":{"start":{"line":91,"column":25},"end":{"line":91,"column":64}},"type":"cond-expr","locations":[{"start":{"line":91,"column":41},"end":{"line":91,"column":54}},{"start":{"line":91,"column":57},"end":{"line":91,"column":64}}],"line":91},"11":{"loc":{"start":{"line":94,"column":34},"end":{"line":96,"column":63}},"type":"cond-expr","locations":[{"start":{"line":95,"column":18},"end":{"line":95,"column":76}},{"start":{"line":96,"column":18},"end":{"line":96,"column":63}}],"line":94},"12":{"loc":{"start":{"line":97,"column":14},"end":{"line":105,"column":13}},"type":"binary-expr","locations":[{"start":{"line":97,"column":15},"end":{"line":97,"column":45}},{"start":{"line":98,"column":16},"end":{"line":104,"column":18}}],"line":97},"13":{"loc":{"start":{"line":97,"column":15},"end":{"line":97,"column":45}},"type":"cond-expr","locations":[{"start":{"line":97,"column":28},"end":{"line":97,"column":38}},{"start":{"line":97,"column":41},"end":{"line":97,"column":45}}],"line":97},"14":{"loc":{"start":{"line":102,"column":27},"end":{"line":102,"column":59}},"type":"cond-expr","locations":[{"start":{"line":102,"column":41},"end":{"line":102,"column":52}},{"start":{"line":102,"column":55},"end":{"line":102,"column":59}}],"line":102},"15":{"loc":{"start":{"line":103,"column":30},"end":{"line":103,"column":72}},"type":"cond-expr","locations":[{"start":{"line":103,"column":47},"end":{"line":103,"column":61}},{"start":{"line":103,"column":64},"end":{"line":103,"column":72}}],"line":103},"16":{"loc":{"start":{"line":118,"column":23},"end":{"line":118,"column":59}},"type":"cond-expr","locations":[{"start":{"line":118,"column":37},"end":{"line":118,"column":48}},{"start":{"line":118,"column":51},"end":{"line":118,"column":59}}],"line":118},"17":{"loc":{"start":{"line":119,"column":31},"end":{"line":119,"column":104}},"type":"cond-expr","locations":[{"start":{"line":119,"column":53},"end":{"line":119,"column":72}},{"start":{"line":119,"column":75},"end":{"line":119,"column":104}}],"line":119},"18":{"loc":{"start":{"line":122,"column":40},"end":{"line":122,"column":67}},"type":"binary-expr","locations":[{"start":{"line":122,"column":40},"end":{"line":122,"column":56}},{"start":{"line":122,"column":60},"end":{"line":122,"column":67}}],"line":122},"19":{"loc":{"start":{"line":126,"column":40},"end":{"line":126,"column":69}},"type":"binary-expr","locations":[{"start":{"line":126,"column":40},"end":{"line":126,"column":57}},{"start":{"line":126,"column":61},"end":{"line":126,"column":69}}],"line":126}},"s":{"0":1,"1":1,"2":1,"3":0,"4":0,"5":0,"6":1,"7":3,"8":3,"9":1,"10":0,"11":0,"12":0,"13":1,"14":0,"15":0,"16":0,"17":0,"18":0,"19":0,"20":0,"21":1,"22":0,"23":0,"24":0,"25":1,"26":0,"27":0,"28":0,"29":0,"30":0,"31":0,"32":1},"f":{"0":0,"1":0,"2":3,"3":0,"4":0,"5":0,"6":0,"7":0,"8":0,"9":0,"10":0,"11":0},"b":{"0":[0,0],"1":[0,0],"2":[3,2],"3":[0,3],"4":[0,3],"5":[0,3],"6":[0,3],"7":[3,3],"8":[0,0],"9":[0,0],"10":[0,0],"11":[0,0],"12":[0,0],"13":[0,0],"14":[0,0],"15":[0,0],"16":[0,0],"17":[0,0],"18":[0,0],"19":[0,0]},"_coverageSchema":"1a1c01bbd47fc00a2c39e90264f33305004495a9","hash":"c070dc3fd57dc5ef05128edac6de5f1a5c329245"}
,"C:\\Users\\User\\Desktop\\Code\\Orbital\\Orbital-Catato\\app\\components\\InfoText.jsx": {"path":"C:\\Users\\User\\Desktop\\Code\\Orbital\\Orbital-Catato\\app\\components\\InfoText.jsx","statementMap":{"0":{"start":{"line":5,"column":22},"end":{"line":18,"column":1}},"1":{"start":{"line":6,"column":4},"end":{"line":17,"column":6}},"2":{"start":{"line":20,"column":21},"end":{"line":27,"column":1}},"3":{"start":{"line":21,"column":4},"end":{"line":26,"column":6}},"4":{"start":{"line":31,"column":15},"end":{"line":49,"column":2}}},"fnMap":{"0":{"name":"(anonymous_0)","decl":{"start":{"line":5,"column":22},"end":{"line":5,"column":23}},"loc":{"start":{"line":5,"column":33},"end":{"line":18,"column":1}},"line":5},"1":{"name":"(anonymous_1)","decl":{"start":{"line":20,"column":21},"end":{"line":20,"column":22}},"loc":{"start":{"line":20,"column":32},"end":{"line":27,"column":1}},"line":20}},"branchMap":{"0":{"loc":{"start":{"line":10,"column":22},"end":{"line":10,"column":46}},"type":"binary-expr","locations":[{"start":{"line":10,"column":22},"end":{"line":10,"column":36}},{"start":{"line":10,"column":40},"end":{"line":10,"column":46}}],"line":10},"1":{"loc":{"start":{"line":11,"column":22},"end":{"line":11,"column":42}},"type":"binary-expr","locations":[{"start":{"line":11,"column":22},"end":{"line":11,"column":36}},{"start":{"line":11,"column":40},"end":{"line":11,"column":42}}],"line":11},"2":{"loc":{"start":{"line":13,"column":17},"end":{"line":13,"column":41}},"type":"binary-expr","locations":[{"start":{"line":13,"column":17},"end":{"line":13,"column":28}},{"start":{"line":13,"column":32},"end":{"line":13,"column":41}}],"line":13},"3":{"loc":{"start":{"line":14,"column":67},"end":{"line":14,"column":87}},"type":"binary-expr","locations":[{"start":{"line":14,"column":67},"end":{"line":14,"column":77}},{"start":{"line":14,"column":81},"end":{"line":14,"column":87}}],"line":14},"4":{"loc":{"start":{"line":23,"column":74},"end":{"line":23,"column":96}},"type":"binary-expr","locations":[{"start":{"line":23,"column":74},"end":{"line":23,"column":85}},{"start":{"line":23,"column":89},"end":{"line":23,"column":96}}],"line":23},"5":{"loc":{"start":{"line":24,"column":43},"end":{"line":24,"column":63}},"type":"binary-expr","locations":[{"start":{"line":24,"column":43},"end":{"line":24,"column":53}},{"start":{"line":24,"column":57},"end":{"line":24,"column":63}}],"line":24}},"s":{"0":6,"1":92,"2":6,"3":22,"4":6},"f":{"0":92,"1":22},"b":{"0":[92,26],"1":[92,19],"2":[92,25],"3":[92,13],"4":[22,3],"5":[22,3]},"_coverageSchema":"1a1c01bbd47fc00a2c39e90264f33305004495a9","hash":"eecd14f794b444294ac71ff7c0eccc8aa7a59a69"}
,"C:\\Users\\User\\Desktop\\Code\\Orbital\\Orbital-Catato\\app\\components\\TextInput.jsx": {"path":"C:\\Users\\User\\Desktop\\Code\\Orbital\\Orbital-Catato\\app\\components\\TextInput.jsx","statementMap":{"0":{"start":{"line":6,"column":18},"end":{"line":30,"column":1}},"1":{"start":{"line":7,"column":30},"end":{"line":7,"column":42}},"2":{"start":{"line":9,"column":4},"end":{"line":29,"column":6}},"3":{"start":{"line":32,"column":22},"end":{"line":68,"column":1}},"4":{"start":{"line":33,"column":30},"end":{"line":33,"column":42}},"5":{"start":{"line":34,"column":40},"end":{"line":34,"column":54}},"6":{"start":{"line":35,"column":23},"end":{"line":35,"column":59}},"7":{"start":{"line":35,"column":29},"end":{"line":35,"column":59}},"8":{"start":{"line":35,"column":53},"end":{"line":35,"column":58}},"9":{"start":{"line":37,"column":4},"end":{"line":67,"column":6}},"10":{"start":{"line":72,"column":15},"end":{"line":96,"column":4}}},"fnMap":{"0":{"name":"(anonymous_0)","decl":{"start":{"line":6,"column":18},"end":{"line":6,"column":19}},"loc":{"start":{"line":6,"column":29},"end":{"line":30,"column":1}},"line":6},"1":{"name":"(anonymous_1)","decl":{"start":{"line":32,"column":22},"end":{"line":32,"column":23}},"loc":{"start":{"line":32,"column":33},"end":{"line":68,"column":1}},"line":32},"2":{"name":"(anonymous_2)","decl":{"start":{"line":35,"column":23},"end":{"line":35,"column":24}},"loc":{"start":{"line":35,"column":29},"end":{"line":35,"column":59}},"line":35},"3":{"name":"(anonymous_3)","decl":{"start":{"line":35,"column":43},"end":{"line":35,"column":44}},"loc":{"start":{"line":35,"column":53},"end":{"line":35,"column":58}},"line":35}},"branchMap":{"0":{"loc":{"start":{"line":12,"column":22},"end":{"line":12,"column":46}},"type":"binary-expr","locations":[{"start":{"line":12,"column":22},"end":{"line":12,"column":36}},{"start":{"line":12,"column":40},"end":{"line":12,"column":46}}],"line":12},"1":{"loc":{"start":{"line":19,"column":23},"end":{"line":19,"column":45}},"type":"binary-expr","locations":[{"start":{"line":19,"column":23},"end":{"line":19,"column":34}},{"start":{"line":19,"column":38},"end":{"line":19,"column":45}}],"line":19},"2":{"loc":{"start":{"line":25,"column":23},"end":{"line":25,"column":43}},"type":"binary-expr","locations":[{"start":{"line":25,"column":23},"end":{"line":25,"column":34}},{"start":{"line":25,"column":38},"end":{"line":25,"column":43}}],"line":25},"3":{"loc":{"start":{"line":26,"column":30},"end":{"line":26,"column":60}},"type":"binary-expr","locations":[{"start":{"line":26,"column":30},"end":{"line":26,"column":48}},{"start":{"line":26,"column":52},"end":{"line":26,"column":60}}],"line":26},"4":{"loc":{"start":{"line":40,"column":22},"end":{"line":40,"column":46}},"type":"binary-expr","locations":[{"start":{"line":40,"column":22},"end":{"line":40,"column":36}},{"start":{"line":40,"column":40},"end":{"line":40,"column":46}}],"line":40},"5":{"loc":{"start":{"line":47,"column":23},"end":{"line":47,"column":45}},"type":"binary-expr","locations":[{"start":{"line":47,"column":23},"end":{"line":47,"column":34}},{"start":{"line":47,"column":38},"end":{"line":47,"column":45}}],"line":47},"6":{"loc":{"start":{"line":54,"column":23},"end":{"line":54,"column":43}},"type":"binary-expr","locations":[{"start":{"line":54,"column":23},"end":{"line":54,"column":34}},{"start":{"line":54,"column":38},"end":{"line":54,"column":43}}],"line":54},"7":{"loc":{"start":{"line":55,"column":30},"end":{"line":55,"column":60}},"type":"binary-expr","locations":[{"start":{"line":55,"column":30},"end":{"line":55,"column":48}},{"start":{"line":55,"column":52},"end":{"line":55,"column":60}}],"line":55},"8":{"loc":{"start":{"line":60,"column":30},"end":{"line":60,"column":60}},"type":"cond-expr","locations":[{"start":{"line":60,"column":43},"end":{"line":60,"column":48}},{"start":{"line":60,"column":51},"end":{"line":60,"column":60}}],"line":60}},"s":{"0":1,"1":7,"2":7,"3":1,"4":8,"5":8,"6":8,"7":2,"8":2,"9":8,"10":1},"f":{"0":7,"1":8,"2":2,"3":2},"b":{"0":[7,7],"1":[7,6],"2":[7,7],"3":[7,7],"4":[8,8],"5":[8,7],"6":[8,8],"7":[8,8],"8":[7,1]},"_coverageSchema":"1a1c01bbd47fc00a2c39e90264f33305004495a9","hash":"a326563de4ac00664cd0826e38dcd0020704b2f8"}
,"C:\\Users\\User\\Desktop\\Code\\Orbital\\Orbital-Catato\\app\\config\\firebase.js": {"path":"C:\\Users\\User\\Desktop\\Code\\Orbital\\Orbital-Catato\\app\\config\\firebase.js","statementMap":{"0":{"start":{"line":5,"column":23},"end":{"line":12,"column":1}},"1":{"start":{"line":15,"column":19},"end":{"line":15,"column":48}},"2":{"start":{"line":16,"column":18},"end":{"line":16,"column":35}},"3":{"start":{"line":17,"column":23},"end":{"line":17,"column":38}}},"fnMap":{},"branchMap":{},"s":{"0":0,"1":0,"2":0,"3":0},"f":{},"b":{}}
,"C:\\Users\\User\\Desktop\\Code\\Orbital\\Orbital-Catato\\app\\data\\CatTempData.js": {"path":"C:\\Users\\User\\Desktop\\Code\\Orbital\\Orbital-Catato\\app\\data\\CatTempData.js","statementMap":{"0":{"start":{"line":2,"column":13},"end":{"line":90,"column":2}}},"fnMap":{},"branchMap":{},"s":{"0":4},"f":{},"b":{},"_coverageSchema":"1a1c01bbd47fc00a2c39e90264f33305004495a9","hash":"1dba6087d0f9dec87235c3df9f186143c7d8acbd"}
,"C:\\Users\\User\\Desktop\\Code\\Orbital\\Orbital-Catato\\app\\data\\DateTimeOptions.js": {"path":"C:\\Users\\User\\Desktop\\Code\\Orbital\\Orbital-Catato\\app\\data\\DateTimeOptions.js","statementMap":{"0":{"start":{"line":1,"column":31},"end":{"line":8,"column":1}},"1":{"start":{"line":10,"column":27},"end":{"line":15,"column":1}}},"fnMap":{},"branchMap":{},"s":{"0":5,"1":5},"f":{},"b":{},"_coverageSchema":"1a1c01bbd47fc00a2c39e90264f33305004495a9","hash":"aeddc24dbda2ef066fbc540645d5906fdff0d2f0"}
,"C:\\Users\\User\\Desktop\\Code\\Orbital\\Orbital-Catato\\app\\data\\locationData.js": {"path":"C:\\Users\\User\\Desktop\\Code\\Orbital\\Orbital-Catato\\app\\data\\locationData.js","statementMap":{"0":{"start":{"line":1,"column":25},"end":{"line":8,"column":1}}},"fnMap":{},"branchMap":{},"s":{"0":0},"f":{},"b":{}}
,"C:\\Users\\User\\Desktop\\Code\\Orbital\\Orbital-Catato\\app\\screens\\authentication\\ForgotPassword.jsx": {"path":"C:\\Users\\User\\Desktop\\Code\\Orbital\\Orbital-Catato\\app\\screens\\authentication\\ForgotPassword.jsx","statementMap":{"0":{"start":{"line":11,"column":30},"end":{"line":11,"column":44}},"1":{"start":{"line":12,"column":34},"end":{"line":12,"column":49}},"2":{"start":{"line":13,"column":30},"end":{"line":13,"column":42}},"3":{"start":{"line":14,"column":38},"end":{"line":14,"column":53}},"4":{"start":{"line":15,"column":19},"end":{"line":15,"column":30}},"5":{"start":{"line":17,"column":32},"end":{"line":32,"column":5}},"6":{"start":{"line":18,"column":8},"end":{"line":31,"column":9}},"7":{"start":{"line":19,"column":12},"end":{"line":19,"column":29}},"8":{"start":{"line":20,"column":12},"end":{"line":20,"column":27}},"9":{"start":{"line":21,"column":12},"end":{"line":21,"column":32}},"10":{"start":{"line":23,"column":12},"end":{"line":23,"column":54}},"11":{"start":{"line":25,"column":12},"end":{"line":25,"column":31}},"12":{"start":{"line":26,"column":12},"end":{"line":26,"column":30}},"13":{"start":{"line":28,"column":12},"end":{"line":28,"column":33}},"14":{"start":{"line":29,"column":12},"end":{"line":29,"column":28}},"15":{"start":{"line":30,"column":12},"end":{"line":30,"column":30}},"16":{"start":{"line":34,"column":4},"end":{"line":56,"column":6}}},"fnMap":{"0":{"name":"ForgotPasswordScreen","decl":{"start":{"line":10,"column":24},"end":{"line":10,"column":44}},"loc":{"start":{"line":10,"column":47},"end":{"line":57,"column":1}},"line":10},"1":{"name":"(anonymous_1)","decl":{"start":{"line":17,"column":32},"end":{"line":17,"column":33}},"loc":{"start":{"line":17,"column":44},"end":{"line":32,"column":5}},"line":17}},"branchMap":{"0":{"loc":{"start":{"line":52,"column":13},"end":{"line":52,"column":50}},"type":"binary-expr","locations":[{"start":{"line":52,"column":13},"end":{"line":52,"column":18}},{"start":{"line":52,"column":22},"end":{"line":52,"column":50}}],"line":52},"1":{"loc":{"start":{"line":53,"column":13},"end":{"line":53,"column":45}},"type":"binary-expr","locations":[{"start":{"line":53,"column":13},"end":{"line":53,"column":20}},{"start":{"line":53,"column":24},"end":{"line":53,"column":45}}],"line":53},"2":{"loc":{"start":{"line":54,"column":13},"end":{"line":54,"column":50}},"type":"binary-expr","locations":[{"start":{"line":54,"column":13},"end":{"line":54,"column":22}},{"start":{"line":54,"column":26},"end":{"line":54,"column":50}}],"line":54}},"s":{"0":0,"1":0,"2":0,"3":0,"4":0,"5":0,"6":0,"7":0,"8":0,"9":0,"10":0,"11":0,"12":0,"13":0,"14":0,"15":0,"16":0},"f":{"0":0,"1":0},"b":{"0":[0,0],"1":[0,0],"2":[0,0]}}
,"C:\\Users\\User\\Desktop\\Code\\Orbital\\Orbital-Catato\\app\\screens\\authentication\\Login.jsx": {"path":"C:\\Users\\User\\Desktop\\Code\\Orbital\\Orbital-Catato\\app\\screens\\authentication\\Login.jsx","statementMap":{"0":{"start":{"line":11,"column":30},"end":{"line":11,"column":44}},"1":{"start":{"line":12,"column":34},"end":{"line":12,"column":49}},"2":{"start":{"line":13,"column":30},"end":{"line":13,"column":42}},"3":{"start":{"line":14,"column":36},"end":{"line":14,"column":48}},"4":{"start":{"line":15,"column":19},"end":{"line":15,"column":30}},"5":{"start":{"line":17,"column":33},"end":{"line":31,"column":5}},"6":{"start":{"line":18,"column":8},"end":{"line":30,"column":9}},"7":{"start":{"line":19,"column":12},"end":{"line":19,"column":29}},"8":{"start":{"line":20,"column":12},"end":{"line":20,"column":27}},"9":{"start":{"line":22,"column":12},"end":{"line":22,"column":68}},"10":{"start":{"line":24,"column":12},"end":{"line":24,"column":30}},"11":{"start":{"line":25,"column":12},"end":{"line":25,"column":54}},"12":{"start":{"line":27,"column":12},"end":{"line":27,"column":33}},"13":{"start":{"line":28,"column":12},"end":{"line":28,"column":28}},"14":{"start":{"line":29,"column":12},"end":{"line":29,"column":30}},"15":{"start":{"line":33,"column":4},"end":{"line":67,"column":6}},"16":{"start":{"line":65,"column":31},"end":{"line":65,"column":62}}},"fnMap":{"0":{"name":"LoginScreen","decl":{"start":{"line":10,"column":24},"end":{"line":10,"column":35}},"loc":{"start":{"line":10,"column":38},"end":{"line":68,"column":1}},"line":10},"1":{"name":"(anonymous_1)","decl":{"start":{"line":17,"column":33},"end":{"line":17,"column":34}},"loc":{"start":{"line":17,"column":45},"end":{"line":31,"column":5}},"line":17},"2":{"name":"(anonymous_2)","decl":{"start":{"line":65,"column":25},"end":{"line":65,"column":26}},"loc":{"start":{"line":65,"column":31},"end":{"line":65,"column":62}},"line":65}},"branchMap":{"0":{"loc":{"start":{"line":60,"column":13},"end":{"line":60,"column":50}},"type":"binary-expr","locations":[{"start":{"line":60,"column":13},"end":{"line":60,"column":18}},{"start":{"line":60,"column":22},"end":{"line":60,"column":50}}],"line":60},"1":{"loc":{"start":{"line":61,"column":13},"end":{"line":61,"column":45}},"type":"binary-expr","locations":[{"start":{"line":61,"column":13},"end":{"line":61,"column":20}},{"start":{"line":61,"column":24},"end":{"line":61,"column":45}}],"line":61}},"s":{"0":0,"1":0,"2":0,"3":0,"4":0,"5":0,"6":0,"7":0,"8":0,"9":0,"10":0,"11":0,"12":0,"13":0,"14":0,"15":0,"16":0},"f":{"0":0,"1":0,"2":0},"b":{"0":[0,0],"1":[0,0]}}
,"C:\\Users\\User\\Desktop\\Code\\Orbital\\Orbital-Catato\\app\\screens\\authentication\\SignUp.jsx": {"path":"C:\\Users\\User\\Desktop\\Code\\Orbital\\Orbital-Catato\\app\\screens\\authentication\\SignUp.jsx","statementMap":{"0":{"start":{"line":12,"column":30},"end":{"line":12,"column":44}},"1":{"start":{"line":13,"column":34},"end":{"line":13,"column":49}},"2":{"start":{"line":14,"column":36},"end":{"line":14,"column":48}},"3":{"start":{"line":15,"column":30},"end":{"line":15,"column":42}},"4":{"start":{"line":16,"column":36},"end":{"line":16,"column":48}},"5":{"start":{"line":17,"column":19},"end":{"line":17,"column":30}},"6":{"start":{"line":19,"column":25},"end":{"line":35,"column":5}},"7":{"start":{"line":20,"column":8},"end":{"line":34,"column":9}},"8":{"start":{"line":21,"column":12},"end":{"line":21,"column":29}},"9":{"start":{"line":22,"column":12},"end":{"line":22,"column":27}},"10":{"start":{"line":24,"column":12},"end":{"line":24,"column":72}},"11":{"start":{"line":25,"column":12},"end":{"line":25,"column":77}},"12":{"start":{"line":26,"column":12},"end":{"line":26,"column":58}},"13":{"start":{"line":28,"column":12},"end":{"line":28,"column":30}},"14":{"start":{"line":29,"column":12},"end":{"line":29,"column":54}},"15":{"start":{"line":31,"column":12},"end":{"line":31,"column":33}},"16":{"start":{"line":32,"column":12},"end":{"line":32,"column":28}},"17":{"start":{"line":33,"column":12},"end":{"line":33,"column":30}},"18":{"start":{"line":37,"column":4},"end":{"line":75,"column":6}}},"fnMap":{"0":{"name":"SignUpScreen","decl":{"start":{"line":11,"column":24},"end":{"line":11,"column":36}},"loc":{"start":{"line":11,"column":39},"end":{"line":76,"column":1}},"line":11},"1":{"name":"(anonymous_1)","decl":{"start":{"line":19,"column":25},"end":{"line":19,"column":26}},"loc":{"start":{"line":19,"column":37},"end":{"line":35,"column":5}},"line":19}},"branchMap":{"0":{"loc":{"start":{"line":72,"column":13},"end":{"line":72,"column":50}},"type":"binary-expr","locations":[{"start":{"line":72,"column":13},"end":{"line":72,"column":18}},{"start":{"line":72,"column":22},"end":{"line":72,"column":50}}],"line":72},"1":{"loc":{"start":{"line":73,"column":13},"end":{"line":73,"column":45}},"type":"binary-expr","locations":[{"start":{"line":73,"column":13},"end":{"line":73,"column":20}},{"start":{"line":73,"column":24},"end":{"line":73,"column":45}}],"line":73}},"s":{"0":0,"1":0,"2":0,"3":0,"4":0,"5":0,"6":0,"7":0,"8":0,"9":0,"10":0,"11":0,"12":0,"13":0,"14":0,"15":0,"16":0,"17":0,"18":0},"f":{"0":0,"1":0},"b":{"0":[0,0],"1":[0,0]}}
,"C:\\Users\\User\\Desktop\\Code\\Orbital\\Orbital-Catato\\app\\screens\\authentication\\Welcome.jsx": {"path":"C:\\Users\\User\\Desktop\\Code\\Orbital\\Orbital-Catato\\app\\screens\\authentication\\Welcome.jsx","statementMap":{"0":{"start":{"line":11,"column":30},"end":{"line":11,"column":44}},"1":{"start":{"line":12,"column":34},"end":{"line":12,"column":49}},"2":{"start":{"line":13,"column":19},"end":{"line":13,"column":30}},"3":{"start":{"line":15,"column":27},"end":{"line":17,"column":5}},"4":{"start":{"line":16,"column":8},"end":{"line":16,"column":53}},"5":{"start":{"line":19,"column":28},"end":{"line":21,"column":5}},"6":{"start":{"line":20,"column":8},"end":{"line":20,"column":54}},"7":{"start":{"line":23,"column":35},"end":{"line":38,"column":5}},"8":{"start":{"line":24,"column":8},"end":{"line":37,"column":9}},"9":{"start":{"line":25,"column":12},"end":{"line":25,"column":29}},"10":{"start":{"line":26,"column":12},"end":{"line":26,"column":27}},"11":{"start":{"line":28,"column":12},"end":{"line":28,"column":42}},"12":{"start":{"line":29,"column":12},"end":{"line":29,"column":56}},"13":{"start":{"line":31,"column":12},"end":{"line":31,"column":30}},"14":{"start":{"line":32,"column":12},"end":{"line":32,"column":54}},"15":{"start":{"line":34,"column":12},"end":{"line":34,"column":33}},"16":{"start":{"line":35,"column":12},"end":{"line":35,"column":28}},"17":{"start":{"line":36,"column":12},"end":{"line":36,"column":30}},"18":{"start":{"line":40,"column":4},"end":{"line":63,"column":6}}},"fnMap":{"0":{"name":"WelcomeScreen","decl":{"start":{"line":10,"column":24},"end":{"line":10,"column":37}},"loc":{"start":{"line":10,"column":40},"end":{"line":64,"column":1}},"line":10},"1":{"name":"(anonymous_1)","decl":{"start":{"line":15,"column":27},"end":{"line":15,"column":28}},"loc":{"start":{"line":15,"column":33},"end":{"line":17,"column":5}},"line":15},"2":{"name":"(anonymous_2)","decl":{"start":{"line":19,"column":28},"end":{"line":19,"column":29}},"loc":{"start":{"line":19,"column":34},"end":{"line":21,"column":5}},"line":19},"3":{"name":"(anonymous_3)","decl":{"start":{"line":23,"column":35},"end":{"line":23,"column":36}},"loc":{"start":{"line":23,"column":47},"end":{"line":38,"column":5}},"line":23}},"branchMap":{"0":{"loc":{"start":{"line":60,"column":13},"end":{"line":60,"column":50}},"type":"binary-expr","locations":[{"start":{"line":60,"column":13},"end":{"line":60,"column":18}},{"start":{"line":60,"column":22},"end":{"line":60,"column":50}}],"line":60},"1":{"loc":{"start":{"line":61,"column":13},"end":{"line":61,"column":45}},"type":"binary-expr","locations":[{"start":{"line":61,"column":13},"end":{"line":61,"column":20}},{"start":{"line":61,"column":24},"end":{"line":61,"column":45}}],"line":61}},"s":{"0":0,"1":0,"2":0,"3":0,"4":0,"5":0,"6":0,"7":0,"8":0,"9":0,"10":0,"11":0,"12":0,"13":0,"14":0,"15":0,"16":0,"17":0,"18":0},"f":{"0":0,"1":0,"2":0,"3":0},"b":{"0":[0,0],"1":[0,0]}}
,"C:\\Users\\User\\Desktop\\Code\\Orbital\\Orbital-Catato\\app\\screens\\authentication\\_layout.jsx": {"path":"C:\\Users\\User\\Desktop\\Code\\Orbital\\Orbital-Catato\\app\\screens\\authentication\\_layout.jsx","statementMap":{"0":{"start":{"line":5,"column":4},"end":{"line":14,"column":6}}},"fnMap":{"0":{"name":"AuthLayout","decl":{"start":{"line":4,"column":24},"end":{"line":4,"column":34}},"loc":{"start":{"line":4,"column":37},"end":{"line":15,"column":1}},"line":4}},"branchMap":{},"s":{"0":0},"f":{"0":0},"b":{}}
,"C:\\Users\\User\\Desktop\\Code\\Orbital\\Orbital-Catato\\app\\screens\\main\\Dashboard.jsx": {"path":"C:\\Users\\User\\Desktop\\Code\\Orbital\\Orbital-Catato\\app\\screens\\main\\Dashboard.jsx","statementMap":{"0":{"start":{"line":11,"column":24},"end":{"line":11,"column":94}},"1":{"start":{"line":11,"column":43},"end":{"line":11,"column":93}},"2":{"start":{"line":12,"column":4},"end":{"line":12,"column":23}},"3":{"start":{"line":17,"column":22},"end":{"line":20,"column":6}},"4":{"start":{"line":18,"column":20},"end":{"line":18,"column":55}},"5":{"start":{"line":19,"column":8},"end":{"line":19,"column":77}},"6":{"start":{"line":21,"column":4},"end":{"line":21,"column":21}},"7":{"start":{"line":25,"column":33},"end":{"line":35,"column":1}},"8":{"start":{"line":26,"column":4},"end":{"line":34,"column":6}},"9":{"start":{"line":38,"column":21},"end":{"line":38,"column":30}},"10":{"start":{"line":39,"column":22},"end":{"line":39,"column":41}},"11":{"start":{"line":41,"column":4},"end":{"line":67,"column":6}}},"fnMap":{"0":{"name":"getConcernCats","decl":{"start":{"line":10,"column":9},"end":{"line":10,"column":23}},"loc":{"start":{"line":10,"column":26},"end":{"line":13,"column":1}},"line":10},"1":{"name":"(anonymous_1)","decl":{"start":{"line":11,"column":36},"end":{"line":11,"column":37}},"loc":{"start":{"line":11,"column":43},"end":{"line":11,"column":93}},"line":11},"2":{"name":"getUnfedCats","decl":{"start":{"line":16,"column":9},"end":{"line":16,"column":21}},"loc":{"start":{"line":16,"column":24},"end":{"line":22,"column":1}},"line":16},"3":{"name":"(anonymous_3)","decl":{"start":{"line":17,"column":34},"end":{"line":17,"column":35}},"loc":{"start":{"line":17,"column":41},"end":{"line":20,"column":5}},"line":17},"4":{"name":"(anonymous_4)","decl":{"start":{"line":25,"column":33},"end":{"line":25,"column":34}},"loc":{"start":{"line":25,"column":79},"end":{"line":35,"column":1}},"line":25},"5":{"name":"Dashboard","decl":{"start":{"line":37,"column":24},"end":{"line":37,"column":33}},"loc":{"start":{"line":37,"column":36},"end":{"line":68,"column":1}},"line":37}},"branchMap":{"0":{"loc":{"start":{"line":11,"column":43},"end":{"line":11,"column":93}},"type":"binary-expr","locations":[{"start":{"line":11,"column":43},"end":{"line":11,"column":60}},{"start":{"line":11,"column":64},"end":{"line":11,"column":93}}],"line":11},"1":{"loc":{"start":{"line":19,"column":15},"end":{"line":19,"column":76}},"type":"binary-expr","locations":[{"start":{"line":19,"column":15},"end":{"line":19,"column":30}},{"start":{"line":19,"column":35},"end":{"line":19,"column":75}}],"line":19},"2":{"loc":{"start":{"line":29,"column":48},"end":{"line":29,"column":68}},"type":"binary-expr","locations":[{"start":{"line":29,"column":48},"end":{"line":29,"column":57}},{"start":{"line":29,"column":61},"end":{"line":29,"column":68}}],"line":29},"3":{"loc":{"start":{"line":30,"column":47},"end":{"line":30,"column":73}},"type":"binary-expr","locations":[{"start":{"line":30,"column":47},"end":{"line":30,"column":59}},{"start":{"line":30,"column":63},"end":{"line":30,"column":73}}],"line":30},"4":{"loc":{"start":{"line":48,"column":27},"end":{"line":48,"column":43}},"type":"binary-expr","locations":[{"start":{"line":48,"column":27},"end":{"line":48,"column":36}},{"start":{"line":48,"column":40},"end":{"line":48,"column":43}}],"line":48},"5":{"loc":{"start":{"line":60,"column":27},"end":{"line":60,"column":43}},"type":"binary-expr","locations":[{"start":{"line":60,"column":27},"end":{"line":60,"column":36}},{"start":{"line":60,"column":40},"end":{"line":60,"column":43}}],"line":60}},"s":{"0":2,"1":10,"2":2,"3":2,"4":10,"5":10,"6":2,"7":1,"8":8,"9":2,"10":2,"11":2},"f":{"0":2,"1":10,"2":2,"3":10,"4":8,"5":2},"b":{"0":[10,10],"1":[10,6],"2":[8,1],"3":[8,1],"4":[2,0],"5":[2,0]},"_coverageSchema":"1a1c01bbd47fc00a2c39e90264f33305004495a9","hash":"76dadddbab1a8ca04f324a805d289edc3f0756f8"}
,"C:\\Users\\User\\Desktop\\Code\\Orbital\\Orbital-Catato\\app\\screens\\main\\Map.jsx": {"path":"C:\\Users\\User\\Desktop\\Code\\Orbital\\Orbital-Catato\\app\\screens\\main\\Map.jsx","statementMap":{"0":{"start":{"line":5,"column":4},"end":{"line":23,"column":6}}},"fnMap":{"0":{"name":"Map","decl":{"start":{"line":4,"column":24},"end":{"line":4,"column":27}},"loc":{"start":{"line":4,"column":30},"end":{"line":24,"column":1}},"line":4}},"branchMap":{},"s":{"0":2},"f":{"0":2},"b":{},"_coverageSchema":"1a1c01bbd47fc00a2c39e90264f33305004495a9","hash":"7083a347a4849e281031ab5886d66ea3b39d41b2"}
,"C:\\Users\\User\\Desktop\\Code\\Orbital\\Orbital-Catato\\app\\screens\\main\\_layout.jsx": {"path":"C:\\Users\\User\\Desktop\\Code\\Orbital\\Orbital-Catato\\app\\screens\\main\\_layout.jsx","statementMap":{"0":{"start":{"line":6,"column":4},"end":{"line":37,"column":6}},"1":{"start":{"line":12,"column":24},"end":{"line":12,"column":101}},"2":{"start":{"line":17,"column":24},"end":{"line":17,"column":105}},"3":{"start":{"line":22,"column":24},"end":{"line":22,"column":103}},"4":{"start":{"line":27,"column":24},"end":{"line":27,"column":109}},"5":{"start":{"line":32,"column":24},"end":{"line":32,"column":109}}},"fnMap":{"0":{"name":"MainLayout","decl":{"start":{"line":5,"column":24},"end":{"line":5,"column":34}},"loc":{"start":{"line":5,"column":37},"end":{"line":38,"column":1}},"line":5},"1":{"name":"(anonymous_1)","decl":{"start":{"line":11,"column":32},"end":{"line":11,"column":33}},"loc":{"start":{"line":12,"column":24},"end":{"line":12,"column":101}},"line":12},"2":{"name":"(anonymous_2)","decl":{"start":{"line":16,"column":32},"end":{"line":16,"column":33}},"loc":{"start":{"line":17,"column":24},"end":{"line":17,"column":105}},"line":17},"3":{"name":"(anonymous_3)","decl":{"start":{"line":21,"column":32},"end":{"line":21,"column":33}},"loc":{"start":{"line":22,"column":24},"end":{"line":22,"column":103}},"line":22},"4":{"name":"(anonymous_4)","decl":{"start":{"line":26,"column":32},"end":{"line":26,"column":33}},"loc":{"start":{"line":27,"column":24},"end":{"line":27,"column":109}},"line":27},"5":{"name":"(anonymous_5)","decl":{"start":{"line":31,"column":32},"end":{"line":31,"column":33}},"loc":{"start":{"line":32,"column":24},"end":{"line":32,"column":109}},"line":32}},"branchMap":{"0":{"loc":{"start":{"line":12,"column":40},"end":{"line":12,"column":73}},"type":"cond-expr","locations":[{"start":{"line":12,"column":50},"end":{"line":12,"column":56}},{"start":{"line":12,"column":59},"end":{"line":12,"column":73}}],"line":12},"1":{"loc":{"start":{"line":17,"column":40},"end":{"line":17,"column":77}},"type":"cond-expr","locations":[{"start":{"line":17,"column":50},"end":{"line":17,"column":58}},{"start":{"line":17,"column":61},"end":{"line":17,"column":77}}],"line":17},"2":{"loc":{"start":{"line":22,"column":40},"end":{"line":22,"column":75}},"type":"cond-expr","locations":[{"start":{"line":22,"column":50},"end":{"line":22,"column":57}},{"start":{"line":22,"column":60},"end":{"line":22,"column":75}}],"line":22},"3":{"loc":{"start":{"line":27,"column":40},"end":{"line":27,"column":81}},"type":"cond-expr","locations":[{"start":{"line":27,"column":50},"end":{"line":27,"column":60}},{"start":{"line":27,"column":63},"end":{"line":27,"column":81}}],"line":27},"4":{"loc":{"start":{"line":32,"column":40},"end":{"line":32,"column":81}},"type":"cond-expr","locations":[{"start":{"line":32,"column":50},"end":{"line":32,"column":60}},{"start":{"line":32,"column":63},"end":{"line":32,"column":81}}],"line":32}},"s":{"0":0,"1":0,"2":0,"3":0,"4":0,"5":0},"f":{"0":0,"1":0,"2":0,"3":0,"4":0,"5":0},"b":{"0":[0,0],"1":[0,0],"2":[0,0],"3":[0,0],"4":[0,0]}}
,"C:\\Users\\User\\Desktop\\Code\\Orbital\\Orbital-Catato\\app\\screens\\main\\catalogue\\CatProfile.jsx": {"path":"C:\\Users\\User\\Desktop\\Code\\Orbital\\Orbital-Catato\\app\\screens\\main\\catalogue\\CatProfile.jsx","statementMap":{"0":{"start":{"line":11,"column":4},"end":{"line":11,"column":51}},"1":{"start":{"line":11,"column":30},"end":{"line":11,"column":49}},"2":{"start":{"line":15,"column":18},"end":{"line":15,"column":28}},"3":{"start":{"line":16,"column":4},"end":{"line":16,"column":58}},"4":{"start":{"line":20,"column":23},"end":{"line":20,"column":38}},"5":{"start":{"line":21,"column":16},"end":{"line":21,"column":29}},"6":{"start":{"line":23,"column":4},"end":{"line":29,"column":5}},"7":{"start":{"line":24,"column":8},"end":{"line":28,"column":10}},"8":{"start":{"line":32,"column":23},"end":{"line":33,"column":112}},"9":{"start":{"line":33,"column":9},"end":{"line":33,"column":105}},"10":{"start":{"line":35,"column":4},"end":{"line":56,"column":6}},"11":{"start":{"line":45,"column":32},"end":{"line":46,"column":79}},"12":{"start":{"line":51,"column":35},"end":{"line":52,"column":71}}},"fnMap":{"0":{"name":"getCat","decl":{"start":{"line":10,"column":16},"end":{"line":10,"column":22}},"loc":{"start":{"line":10,"column":30},"end":{"line":12,"column":1}},"line":10},"1":{"name":"(anonymous_1)","decl":{"start":{"line":11,"column":21},"end":{"line":11,"column":22}},"loc":{"start":{"line":11,"column":30},"end":{"line":11,"column":49}},"line":11},"2":{"name":"CatProfile","decl":{"start":{"line":14,"column":24},"end":{"line":14,"column":34}},"loc":{"start":{"line":14,"column":37},"end":{"line":17,"column":1}},"line":14},"3":{"name":"CatProfileScreen","decl":{"start":{"line":19,"column":16},"end":{"line":19,"column":32}},"loc":{"start":{"line":19,"column":42},"end":{"line":57,"column":1}},"line":19},"4":{"name":"(anonymous_4)","decl":{"start":{"line":32,"column":24},"end":{"line":32,"column":25}},"loc":{"start":{"line":33,"column":9},"end":{"line":33,"column":105}},"line":33},"5":{"name":"(anonymous_5)","decl":{"start":{"line":45,"column":25},"end":{"line":45,"column":26}},"loc":{"start":{"line":45,"column":31},"end":{"line":46,"column":80}},"line":45},"6":{"name":"(anonymous_6)","decl":{"start":{"line":51,"column":29},"end":{"line":51,"column":30}},"loc":{"start":{"line":51,"column":35},"end":{"line":52,"column":71}},"line":51}},"branchMap":{"0":{"loc":{"start":{"line":23,"column":4},"end":{"line":29,"column":5}},"type":"if","locations":[{"start":{"line":23,"column":4},"end":{"line":29,"column":5}},{"start":{},"end":{}}],"line":23}},"s":{"0":5,"1":13,"2":0,"3":0,"4":5,"5":5,"6":5,"7":2,"8":3,"9":3,"10":3,"11":1,"12":1},"f":{"0":5,"1":13,"2":0,"3":5,"4":3,"5":1,"6":1},"b":{"0":[2,3]},"_coverageSchema":"1a1c01bbd47fc00a2c39e90264f33305004495a9","hash":"8c8a224e59ceced3f199be42a57329aad01b4434"}
,"C:\\Users\\User\\Desktop\\Code\\Orbital\\Orbital-Catato\\app\\screens\\main\\catalogue\\Catalogue.jsx": {"path":"C:\\Users\\User\\Desktop\\Code\\Orbital\\Orbital-Catato\\app\\screens\\main\\catalogue\\Catalogue.jsx","statementMap":{"0":{"start":{"line":9,"column":4},"end":{"line":9,"column":16}},"1":{"start":{"line":13,"column":23},"end":{"line":13,"column":38}},"2":{"start":{"line":15,"column":4},"end":{"line":37,"column":6}},"3":{"start":{"line":18,"column":42},"end":{"line":18,"column":71}},"4":{"start":{"line":23,"column":16},"end":{"line":34,"column":17}},"5":{"start":{"line":31,"column":28},"end":{"line":31,"column":84}}},"fnMap":{"0":{"name":"getCats","decl":{"start":{"line":8,"column":9},"end":{"line":8,"column":16}},"loc":{"start":{"line":8,"column":19},"end":{"line":10,"column":1}},"line":8},"1":{"name":"Catalogue","decl":{"start":{"line":12,"column":24},"end":{"line":12,"column":33}},"loc":{"start":{"line":12,"column":36},"end":{"line":38,"column":1}},"line":12},"2":{"name":"(anonymous_2)","decl":{"start":{"line":18,"column":36},"end":{"line":18,"column":37}},"loc":{"start":{"line":18,"column":42},"end":{"line":18,"column":71}},"line":18},"3":{"name":"(anonymous_3)","decl":{"start":{"line":22,"column":24},"end":{"line":22,"column":25}},"loc":{"start":{"line":22,"column":36},"end":{"line":35,"column":13}},"line":22},"4":{"name":"(anonymous_4)","decl":{"start":{"line":30,"column":33},"end":{"line":30,"column":34}},"loc":{"start":{"line":30,"column":39},"end":{"line":32,"column":25}},"line":30}},"branchMap":{},"s":{"0":3,"1":3,"2":3,"3":12,"4":15,"5":1},"f":{"0":3,"1":3,"2":12,"3":15,"4":1},"b":{},"_coverageSchema":"1a1c01bbd47fc00a2c39e90264f33305004495a9","hash":"fd13189dca51f8d6d55b05efb363c0cdf2caa91e"}
,"C:\\Users\\User\\Desktop\\Code\\Orbital\\Orbital-Catato\\app\\screens\\main\\catalogue\\PhotoGallery.jsx": {"path":"C:\\Users\\User\\Desktop\\Code\\Orbital\\Orbital-Catato\\app\\screens\\main\\catalogue\\PhotoGallery.jsx","statementMap":{"0":{"start":{"line":11,"column":21},"end":{"line":11,"column":30}},"1":{"start":{"line":12,"column":18},"end":{"line":12,"column":28}},"2":{"start":{"line":13,"column":50},"end":{"line":13,"column":72}},"3":{"start":{"line":15,"column":28},"end":{"line":15,"column":43}},"4":{"start":{"line":16,"column":22},"end":{"line":16,"column":40}},"5":{"start":{"line":18,"column":38},"end":{"line":24,"column":5}},"6":{"start":{"line":19,"column":25},"end":{"line":19,"column":52}},"7":{"start":{"line":20,"column":8},"end":{"line":23,"column":9}},"8":{"start":{"line":22,"column":12},"end":{"line":22,"column":102}},"9":{"start":{"line":26,"column":37},"end":{"line":32,"column":5}},"10":{"start":{"line":27,"column":25},"end":{"line":27,"column":51}},"11":{"start":{"line":28,"column":8},"end":{"line":31,"column":9}},"12":{"start":{"line":30,"column":12},"end":{"line":30,"column":102}},"13":{"start":{"line":34,"column":4},"end":{"line":66,"column":5}},"14":{"start":{"line":38,"column":43},"end":{"line":38,"column":111}},"15":{"start":{"line":44,"column":20},"end":{"line":49,"column":22}},"16":{"start":{"line":61,"column":41},"end":{"line":61,"column":65}},"17":{"start":{"line":61,"column":59},"end":{"line":61,"column":64}}},"fnMap":{"0":{"name":"PhotoGallery","decl":{"start":{"line":10,"column":24},"end":{"line":10,"column":36}},"loc":{"start":{"line":10,"column":39},"end":{"line":67,"column":1}},"line":10},"1":{"name":"(anonymous_1)","decl":{"start":{"line":18,"column":38},"end":{"line":18,"column":39}},"loc":{"start":{"line":18,"column":50},"end":{"line":24,"column":5}},"line":18},"2":{"name":"(anonymous_2)","decl":{"start":{"line":26,"column":37},"end":{"line":26,"column":38}},"loc":{"start":{"line":26,"column":49},"end":{"line":32,"column":5}},"line":26},"3":{"name":"(anonymous_3)","decl":{"start":{"line":38,"column":37},"end":{"line":38,"column":38}},"loc":{"start":{"line":38,"column":43},"end":{"line":38,"column":111}},"line":38},"4":{"name":"(anonymous_4)","decl":{"start":{"line":43,"column":28},"end":{"line":43,"column":29}},"loc":{"start":{"line":43,"column":47},"end":{"line":50,"column":17}},"line":43},"5":{"name":"(anonymous_5)","decl":{"start":{"line":61,"column":35},"end":{"line":61,"column":36}},"loc":{"start":{"line":61,"column":41},"end":{"line":61,"column":65}},"line":61},"6":{"name":"(anonymous_6)","decl":{"start":{"line":61,"column":49},"end":{"line":61,"column":50}},"loc":{"start":{"line":61,"column":59},"end":{"line":61,"column":64}},"line":61}},"branchMap":{"0":{"loc":{"start":{"line":20,"column":8},"end":{"line":23,"column":9}},"type":"if","locations":[{"start":{"line":20,"column":8},"end":{"line":23,"column":9}},{"start":{},"end":{}}],"line":20},"1":{"loc":{"start":{"line":28,"column":8},"end":{"line":31,"column":9}},"type":"if","locations":[{"start":{"line":28,"column":8},"end":{"line":31,"column":9}},{"start":{},"end":{}}],"line":28},"2":{"loc":{"start":{"line":56,"column":26},"end":{"line":56,"column":49}},"type":"cond-expr","locations":[{"start":{"line":56,"column":33},"end":{"line":56,"column":40}},{"start":{"line":56,"column":43},"end":{"line":56,"column":49}}],"line":56}},"s":{"0":0,"1":0,"2":0,"3":0,"4":0,"5":0,"6":0,"7":0,"8":0,"9":0,"10":0,"11":0,"12":0,"13":0,"14":0,"15":0,"16":0,"17":0},"f":{"0":0,"1":0,"2":0,"3":0,"4":0,"5":0,"6":0},"b":{"0":[0,0],"1":[0,0],"2":[0,0]}}
,"C:\\Users\\User\\Desktop\\Code\\Orbital\\Orbital-Catato\\app\\screens\\main\\catalogue\\ProfileContainers.jsx": {"path":"C:\\Users\\User\\Desktop\\Code\\Orbital\\Orbital-Catato\\app\\screens\\main\\catalogue\\ProfileContainers.jsx","statementMap":{"0":{"start":{"line":10,"column":24},"end":{"line":20,"column":1}},"1":{"start":{"line":11,"column":4},"end":{"line":19,"column":5}},"2":{"start":{"line":23,"column":25},"end":{"line":43,"column":1}},"3":{"start":{"line":24,"column":4},"end":{"line":42,"column":5}},"4":{"start":{"line":46,"column":25},"end":{"line":85,"column":1}},"5":{"start":{"line":47,"column":4},"end":{"line":84,"column":5}},"6":{"start":{"line":88,"column":22},"end":{"line":117,"column":1}},"7":{"start":{"line":91,"column":4},"end":{"line":101,"column":5}},"8":{"start":{"line":92,"column":8},"end":{"line":96,"column":9}},"9":{"start":{"line":97,"column":11},"end":{"line":101,"column":5}},"10":{"start":{"line":98,"column":8},"end":{"line":98,"column":46}},"11":{"start":{"line":100,"column":8},"end":{"line":100,"column":34}},"12":{"start":{"line":103,"column":22},"end":{"line":103,"column":40}},"13":{"start":{"line":105,"column":4},"end":{"line":116,"column":5}},"14":{"start":{"line":108,"column":16},"end":{"line":113,"column":17}},"15":{"start":{"line":120,"column":24},"end":{"line":137,"column":1}},"16":{"start":{"line":121,"column":4},"end":{"line":136,"column":5}},"17":{"start":{"line":141,"column":15},"end":{"line":177,"column":2}}},"fnMap":{"0":{"name":"(anonymous_0)","decl":{"start":{"line":10,"column":24},"end":{"line":10,"column":25}},"loc":{"start":{"line":10,"column":46},"end":{"line":20,"column":1}},"line":10},"1":{"name":"(anonymous_1)","decl":{"start":{"line":23,"column":25},"end":{"line":23,"column":26}},"loc":{"start":{"line":23,"column":45},"end":{"line":43,"column":1}},"line":23},"2":{"name":"(anonymous_2)","decl":{"start":{"line":46,"column":25},"end":{"line":46,"column":26}},"loc":{"start":{"line":46,"column":45},"end":{"line":85,"column":1}},"line":46},"3":{"name":"(anonymous_3)","decl":{"start":{"line":88,"column":22},"end":{"line":88,"column":23}},"loc":{"start":{"line":88,"column":39},"end":{"line":117,"column":1}},"line":88},"4":{"name":"(anonymous_4)","decl":{"start":{"line":107,"column":31},"end":{"line":107,"column":32}},"loc":{"start":{"line":107,"column":52},"end":{"line":114,"column":13}},"line":107},"5":{"name":"(anonymous_5)","decl":{"start":{"line":120,"column":24},"end":{"line":120,"column":25}},"loc":{"start":{"line":120,"column":69},"end":{"line":137,"column":1}},"line":120}},"branchMap":{"0":{"loc":{"start":{"line":29,"column":22},"end":{"line":29,"column":51}},"type":"cond-expr","locations":[{"start":{"line":29,"column":35},"end":{"line":29,"column":45}},{"start":{"line":29,"column":48},"end":{"line":29,"column":51}}],"line":29},"1":{"loc":{"start":{"line":34,"column":22},"end":{"line":34,"column":68}},"type":"cond-expr","locations":[{"start":{"line":34,"column":38},"end":{"line":34,"column":62}},{"start":{"line":34,"column":65},"end":{"line":34,"column":68}}],"line":34},"2":{"loc":{"start":{"line":39,"column":22},"end":{"line":39,"column":51}},"type":"cond-expr","locations":[{"start":{"line":39,"column":39},"end":{"line":39,"column":44}},{"start":{"line":39,"column":47},"end":{"line":39,"column":51}}],"line":39},"3":{"loc":{"start":{"line":53,"column":22},"end":{"line":53,"column":67}},"type":"cond-expr","locations":[{"start":{"line":53,"column":40},"end":{"line":53,"column":55}},{"start":{"line":53,"column":58},"end":{"line":53,"column":67}}],"line":53},"4":{"loc":{"start":{"line":59,"column":22},"end":{"line":61,"column":31}},"type":"cond-expr","locations":[{"start":{"line":60,"column":22},"end":{"line":60,"column":76}},{"start":{"line":61,"column":22},"end":{"line":61,"column":31}}],"line":59},"5":{"loc":{"start":{"line":59,"column":22},"end":{"line":59,"column":63}},"type":"binary-expr","locations":[{"start":{"line":59,"column":22},"end":{"line":59,"column":42}},{"start":{"line":59,"column":46},"end":{"line":59,"column":63}}],"line":59},"6":{"loc":{"start":{"line":67,"column":22},"end":{"line":67,"column":82}},"type":"cond-expr","locations":[{"start":{"line":67,"column":40},"end":{"line":67,"column":70}},{"start":{"line":67,"column":73},"end":{"line":67,"column":82}}],"line":67},"7":{"loc":{"start":{"line":73,"column":22},"end":{"line":75,"column":31}},"type":"cond-expr","locations":[{"start":{"line":74,"column":22},"end":{"line":74,"column":50}},{"start":{"line":75,"column":22},"end":{"line":75,"column":31}}],"line":73},"8":{"loc":{"start":{"line":81,"column":22},"end":{"line":81,"column":89}},"type":"cond-expr","locations":[{"start":{"line":81,"column":40},"end":{"line":81,"column":55}},{"start":{"line":81,"column":58},"end":{"line":81,"column":89}}],"line":81},"9":{"loc":{"start":{"line":91,"column":4},"end":{"line":101,"column":5}},"type":"if","locations":[{"start":{"line":91,"column":4},"end":{"line":101,"column":5}},{"start":{"line":97,"column":11},"end":{"line":101,"column":5}}],"line":91},"10":{"loc":{"start":{"line":91,"column":8},"end":{"line":91,"column":44}},"type":"binary-expr","locations":[{"start":{"line":91,"column":8},"end":{"line":91,"column":18}},{"start":{"line":91,"column":22},"end":{"line":91,"column":44}}],"line":91},"11":{"loc":{"start":{"line":97,"column":11},"end":{"line":101,"column":5}},"type":"if","locations":[{"start":{"line":97,"column":11},"end":{"line":101,"column":5}},{"start":{"line":99,"column":11},"end":{"line":101,"column":5}}],"line":97}},"s":{"0":2,"1":5,"2":2,"3":6,"4":2,"5":6,"6":2,"7":10,"8":4,"9":6,"10":5,"11":1,"12":6,"13":6,"14":23,"15":2,"16":6,"17":2},"f":{"0":5,"1":6,"2":6,"3":10,"4":23,"5":6},"b":{"0":[5,1],"1":[5,1],"2":[5,1],"3":[5,1],"4":[5,1],"5":[6,5],"6":[5,1],"7":[5,1],"8":[5,1],"9":[4,6],"10":[10,6],"11":[5,1]},"_coverageSchema":"1a1c01bbd47fc00a2c39e90264f33305004495a9","hash":"bd09d22fee41d2eef92a6186cc28652e73551272"}
,"C:\\Users\\User\\Desktop\\Code\\Orbital\\Orbital-Catato\\app\\screens\\main\\catalogue\\_layout.jsx": {"path":"C:\\Users\\User\\Desktop\\Code\\Orbital\\Orbital-Catato\\app\\screens\\main\\catalogue\\_layout.jsx","statementMap":{"0":{"start":{"line":5,"column":4},"end":{"line":13,"column":6}}},"fnMap":{"0":{"name":"CatalogueLayout","decl":{"start":{"line":4,"column":24},"end":{"line":4,"column":39}},"loc":{"start":{"line":4,"column":42},"end":{"line":14,"column":1}},"line":4}},"branchMap":{},"s":{"0":0},"f":{"0":0},"b":{}}
,"C:\\Users\\User\\Desktop\\Code\\Orbital\\Orbital-Catato\\app\\screens\\main\\settings\\Settings.jsx": {"path":"C:\\Users\\User\\Desktop\\Code\\Orbital\\Orbital-Catato\\app\\screens\\main\\settings\\Settings.jsx","statementMap":{"0":{"start":{"line":10,"column":27},"end":{"line":53,"column":1}},"1":{"start":{"line":11,"column":40},"end":{"line":11,"column":55}},"2":{"start":{"line":12,"column":23},"end":{"line":12,"column":38}},"3":{"start":{"line":14,"column":4},"end":{"line":52,"column":6}},"4":{"start":{"line":20,"column":28},"end":{"line":20,"column":96}},"5":{"start":{"line":20,"column":51},"end":{"line":20,"column":92}},"6":{"start":{"line":21,"column":29},"end":{"line":21,"column":61}},"7":{"start":{"line":28,"column":28},"end":{"line":28,"column":96}},"8":{"start":{"line":28,"column":51},"end":{"line":28,"column":92}},"9":{"start":{"line":29,"column":29},"end":{"line":29,"column":61}},"10":{"start":{"line":36,"column":28},"end":{"line":36,"column":98}},"11":{"start":{"line":36,"column":51},"end":{"line":36,"column":94}},"12":{"start":{"line":37,"column":29},"end":{"line":40,"column":18}},"13":{"start":{"line":47,"column":28},"end":{"line":47,"column":96}},"14":{"start":{"line":47,"column":51},"end":{"line":47,"column":92}},"15":{"start":{"line":48,"column":29},"end":{"line":48,"column":61}},"16":{"start":{"line":56,"column":21},"end":{"line":56,"column":30}},"17":{"start":{"line":57,"column":30},"end":{"line":57,"column":44}},"18":{"start":{"line":58,"column":34},"end":{"line":58,"column":49}},"19":{"start":{"line":59,"column":19},"end":{"line":59,"column":30}},"20":{"start":{"line":61,"column":25},"end":{"line":73,"column":5}},"21":{"start":{"line":62,"column":8},"end":{"line":62,"column":25}},"22":{"start":{"line":63,"column":8},"end":{"line":72,"column":15}},"23":{"start":{"line":65,"column":16},"end":{"line":65,"column":34}},"24":{"start":{"line":66,"column":16},"end":{"line":66,"column":66}},"25":{"start":{"line":69,"column":16},"end":{"line":69,"column":37}},"26":{"start":{"line":70,"column":16},"end":{"line":70,"column":32}},"27":{"start":{"line":71,"column":16},"end":{"line":71,"column":34}},"28":{"start":{"line":75,"column":4},"end":{"line":96,"column":6}},"29":{"start":{"line":99,"column":15},"end":{"line":103,"column":2}}},"fnMap":{"0":{"name":"(anonymous_0)","decl":{"start":{"line":10,"column":27},"end":{"line":10,"column":28}},"loc":{"start":{"line":10,"column":33},"end":{"line":53,"column":1}},"line":10},"1":{"name":"(anonymous_1)","decl":{"start":{"line":19,"column":25},"end":{"line":19,"column":26}},"loc":{"start":{"line":19,"column":31},"end":{"line":19,"column":33}},"line":19},"2":{"name":"(anonymous_2)","decl":{"start":{"line":20,"column":22},"end":{"line":20,"column":23}},"loc":{"start":{"line":20,"column":28},"end":{"line":20,"column":96}},"line":20},"3":{"name":"(anonymous_3)","decl":{"start":{"line":20,"column":45},"end":{"line":20,"column":46}},"loc":{"start":{"line":20,"column":51},"end":{"line":20,"column":92}},"line":20},"4":{"name":"(anonymous_4)","decl":{"start":{"line":21,"column":23},"end":{"line":21,"column":24}},"loc":{"start":{"line":21,"column":29},"end":{"line":21,"column":61}},"line":21},"5":{"name":"(anonymous_5)","decl":{"start":{"line":27,"column":25},"end":{"line":27,"column":26}},"loc":{"start":{"line":27,"column":31},"end":{"line":27,"column":33}},"line":27},"6":{"name":"(anonymous_6)","decl":{"start":{"line":28,"column":22},"end":{"line":28,"column":23}},"loc":{"start":{"line":28,"column":28},"end":{"line":28,"column":96}},"line":28},"7":{"name":"(anonymous_7)","decl":{"start":{"line":28,"column":45},"end":{"line":28,"column":46}},"loc":{"start":{"line":28,"column":51},"end":{"line":28,"column":92}},"line":28},"8":{"name":"(anonymous_8)","decl":{"start":{"line":29,"column":23},"end":{"line":29,"column":24}},"loc":{"start":{"line":29,"column":29},"end":{"line":29,"column":61}},"line":29},"9":{"name":"(anonymous_9)","decl":{"start":{"line":36,"column":22},"end":{"line":36,"column":23}},"loc":{"start":{"line":36,"column":28},"end":{"line":36,"column":98}},"line":36},"10":{"name":"(anonymous_10)","decl":{"start":{"line":36,"column":45},"end":{"line":36,"column":46}},"loc":{"start":{"line":36,"column":51},"end":{"line":36,"column":94}},"line":36},"11":{"name":"(anonymous_11)","decl":{"start":{"line":37,"column":23},"end":{"line":37,"column":24}},"loc":{"start":{"line":37,"column":29},"end":{"line":40,"column":18}},"line":37},"12":{"name":"(anonymous_12)","decl":{"start":{"line":46,"column":25},"end":{"line":46,"column":26}},"loc":{"start":{"line":46,"column":31},"end":{"line":46,"column":33}},"line":46},"13":{"name":"(anonymous_13)","decl":{"start":{"line":47,"column":22},"end":{"line":47,"column":23}},"loc":{"start":{"line":47,"column":28},"end":{"line":47,"column":96}},"line":47},"14":{"name":"(anonymous_14)","decl":{"start":{"line":47,"column":45},"end":{"line":47,"column":46}},"loc":{"start":{"line":47,"column":51},"end":{"line":47,"column":92}},"line":47},"15":{"name":"(anonymous_15)","decl":{"start":{"line":48,"column":23},"end":{"line":48,"column":24}},"loc":{"start":{"line":48,"column":29},"end":{"line":48,"column":61}},"line":48},"16":{"name":"Settings","decl":{"start":{"line":55,"column":24},"end":{"line":55,"column":32}},"loc":{"start":{"line":55,"column":35},"end":{"line":97,"column":1}},"line":55},"17":{"name":"(anonymous_17)","decl":{"start":{"line":61,"column":25},"end":{"line":61,"column":26}},"loc":{"start":{"line":61,"column":31},"end":{"line":73,"column":5}},"line":61},"18":{"name":"(anonymous_18)","decl":{"start":{"line":64,"column":18},"end":{"line":64,"column":19}},"loc":{"start":{"line":64,"column":24},"end":{"line":67,"column":13}},"line":64},"19":{"name":"(anonymous_19)","decl":{"start":{"line":68,"column":19},"end":{"line":68,"column":20}},"loc":{"start":{"line":68,"column":30},"end":{"line":72,"column":13}},"line":68}},"branchMap":{"0":{"loc":{"start":{"line":78,"column":78},"end":{"line":78,"column":145}},"type":"cond-expr","locations":[{"start":{"line":78,"column":86},"end":{"line":78,"column":135}},{"start":{"line":78,"column":139},"end":{"line":78,"column":145}}],"line":78},"1":{"loc":{"start":{"line":78,"column":86},"end":{"line":78,"column":135}},"type":"cond-expr","locations":[{"start":{"line":78,"column":105},"end":{"line":78,"column":121}},{"start":{"line":78,"column":124},"end":{"line":78,"column":135}}],"line":78},"2":{"loc":{"start":{"line":79,"column":77},"end":{"line":79,"column":101}},"type":"cond-expr","locations":[{"start":{"line":79,"column":84},"end":{"line":79,"column":92}},{"start":{"line":79,"column":95},"end":{"line":79,"column":101}}],"line":79},"3":{"loc":{"start":{"line":80,"column":78},"end":{"line":80,"column":118}},"type":"cond-expr","locations":[{"start":{"line":80,"column":85},"end":{"line":80,"column":109}},{"start":{"line":80,"column":112},"end":{"line":80,"column":118}}],"line":80},"4":{"loc":{"start":{"line":93,"column":13},"end":{"line":93,"column":50}},"type":"binary-expr","locations":[{"start":{"line":93,"column":13},"end":{"line":93,"column":18}},{"start":{"line":93,"column":22},"end":{"line":93,"column":50}}],"line":93},"5":{"loc":{"start":{"line":94,"column":13},"end":{"line":94,"column":45}},"type":"binary-expr","locations":[{"start":{"line":94,"column":13},"end":{"line":94,"column":20}},{"start":{"line":94,"column":24},"end":{"line":94,"column":45}}],"line":94}},"s":{"0":0,"1":0,"2":0,"3":0,"4":0,"5":0,"6":0,"7":0,"8":0,"9":0,"10":0,"11":0,"12":0,"13":0,"14":0,"15":0,"16":0,"17":0,"18":0,"19":0,"20":0,"21":0,"22":0,"23":0,"24":0,"25":0,"26":0,"27":0,"28":0,"29":0},"f":{"0":0,"1":0,"2":0,"3":0,"4":0,"5":0,"6":0,"7":0,"8":0,"9":0,"10":0,"11":0,"12":0,"13":0,"14":0,"15":0,"16":0,"17":0,"18":0,"19":0},"b":{"0":[0,0],"1":[0,0],"2":[0,0],"3":[0,0],"4":[0,0],"5":[0,0]}}
,"C:\\Users\\User\\Desktop\\Code\\Orbital\\Orbital-Catato\\app\\screens\\main\\settings\\_layout.jsx": {"path":"C:\\Users\\User\\Desktop\\Code\\Orbital\\Orbital-Catato\\app\\screens\\main\\settings\\_layout.jsx","statementMap":{"0":{"start":{"line":5,"column":4},"end":{"line":9,"column":6}}},"fnMap":{"0":{"name":"SettingsLayout","decl":{"start":{"line":4,"column":24},"end":{"line":4,"column":38}},"loc":{"start":{"line":4,"column":41},"end":{"line":10,"column":1}},"line":4}},"branchMap":{},"s":{"0":0},"f":{"0":0},"b":{}}
,"C:\\Users\\User\\Desktop\\Code\\Orbital\\Orbital-Catato\\app\\screens\\main\\update\\ConfirmUpdate.jsx": {"path":"C:\\Users\\User\\Desktop\\Code\\Orbital\\Orbital-Catato\\app\\screens\\main\\update\\ConfirmUpdate.jsx","statementMap":{"0":{"start":{"line":9,"column":23},"end":{"line":9,"column":38}},"1":{"start":{"line":11,"column":18},"end":{"line":11,"column":28}},"2":{"start":{"line":13,"column":4},"end":{"line":30,"column":6}},"3":{"start":{"line":27,"column":28},"end":{"line":27,"column":57}}},"fnMap":{"0":{"name":"ConfirmUpdate","decl":{"start":{"line":8,"column":24},"end":{"line":8,"column":37}},"loc":{"start":{"line":8,"column":40},"end":{"line":31,"column":1}},"line":8},"1":{"name":"(anonymous_1)","decl":{"start":{"line":27,"column":21},"end":{"line":27,"column":22}},"loc":{"start":{"line":27,"column":27},"end":{"line":27,"column":58}},"line":27}},"branchMap":{},"s":{"0":0,"1":0,"2":0,"3":0},"f":{"0":0,"1":0},"b":{}}
,"C:\\Users\\User\\Desktop\\Code\\Orbital\\Orbital-Catato\\app\\screens\\main\\update\\Form.jsx": {"path":"C:\\Users\\User\\Desktop\\Code\\Orbital\\Orbital-Catato\\app\\screens\\main\\update\\Form.jsx","statementMap":{"0":{"start":{"line":9,"column":4},"end":{"line":32,"column":5}},"1":{"start":{"line":11,"column":12},"end":{"line":11,"column":75}},"2":{"start":{"line":13,"column":12},"end":{"line":13,"column":70}},"3":{"start":{"line":15,"column":12},"end":{"line":15,"column":76}},"4":{"start":{"line":17,"column":12},"end":{"line":17,"column":75}},"5":{"start":{"line":19,"column":12},"end":{"line":19,"column":71}},"6":{"start":{"line":21,"column":12},"end":{"line":21,"column":73}},"7":{"start":{"line":23,"column":12},"end":{"line":23,"column":74}},"8":{"start":{"line":25,"column":12},"end":{"line":25,"column":74}},"9":{"start":{"line":27,"column":12},"end":{"line":31,"column":13}},"10":{"start":{"line":36,"column":21},"end":{"line":36,"column":30}},"11":{"start":{"line":37,"column":18},"end":{"line":37,"column":28}},"12":{"start":{"line":39,"column":4},"end":{"line":51,"column":5}}},"fnMap":{"0":{"name":"getForm","decl":{"start":{"line":8,"column":9},"end":{"line":8,"column":16}},"loc":{"start":{"line":8,"column":33},"end":{"line":33,"column":1}},"line":8},"1":{"name":"Form","decl":{"start":{"line":35,"column":24},"end":{"line":35,"column":28}},"loc":{"start":{"line":35,"column":31},"end":{"line":52,"column":1}},"line":35}},"branchMap":{"0":{"loc":{"start":{"line":9,"column":4},"end":{"line":32,"column":5}},"type":"switch","locations":[{"start":{"line":10,"column":8},"end":{"line":11,"column":75}},{"start":{"line":12,"column":8},"end":{"line":13,"column":70}},{"start":{"line":14,"column":8},"end":{"line":15,"column":76}},{"start":{"line":16,"column":8},"end":{"line":17,"column":75}},{"start":{"line":18,"column":8},"end":{"line":19,"column":71}},{"start":{"line":20,"column":8},"end":{"line":21,"column":73}},{"start":{"line":22,"column":8},"end":{"line":23,"column":74}},{"start":{"line":24,"column":8},"end":{"line":25,"column":74}},{"start":{"line":26,"column":8},"end":{"line":31,"column":13}}],"line":9}},"s":{"0":0,"1":0,"2":0,"3":0,"4":0,"5":0,"6":0,"7":0,"8":0,"9":0,"10":0,"11":0,"12":0},"f":{"0":0,"1":0},"b":{"0":[0,0,0,0,0,0,0,0,0]}}
,"C:\\Users\\User\\Desktop\\Code\\Orbital\\Orbital-Catato\\app\\screens\\main\\update\\FormType.jsx": {"path":"C:\\Users\\User\\Desktop\\Code\\Orbital\\Orbital-Catato\\app\\screens\\main\\update\\FormType.jsx","statementMap":{"0":{"start":{"line":12,"column":22},"end":{"line":106,"column":1}},"1":{"start":{"line":13,"column":23},"end":{"line":13,"column":38}},"2":{"start":{"line":14,"column":59},"end":{"line":14,"column":64}},"3":{"start":{"line":15,"column":38},"end":{"line":15,"column":53}},"4":{"start":{"line":18,"column":34},"end":{"line":18,"column":46}},"5":{"start":{"line":23,"column":38},"end":{"line":23,"column":51}},"6":{"start":{"line":26,"column":28},"end":{"line":26,"column":62}},"7":{"start":{"line":29,"column":34},"end":{"line":29,"column":48}},"8":{"start":{"line":32,"column":36},"end":{"line":32,"column":48}},"9":{"start":{"line":34,"column":4},"end":{"line":105,"column":6}},"10":{"start":{"line":56,"column":42},"end":{"line":56,"column":61}},"11":{"start":{"line":71,"column":37},"end":{"line":71,"column":49}},"12":{"start":{"line":79,"column":42},"end":{"line":79,"column":59}},"13":{"start":{"line":99,"column":20},"end":{"line":100,"column":79}},"14":{"start":{"line":108,"column":18},"end":{"line":176,"column":1}},"15":{"start":{"line":109,"column":23},"end":{"line":109,"column":38}},"16":{"start":{"line":110,"column":48},"end":{"line":110,"column":53}},"17":{"start":{"line":113,"column":36},"end":{"line":113,"column":48}},"18":{"start":{"line":116,"column":28},"end":{"line":116,"column":48}},"19":{"start":{"line":117,"column":36},"end":{"line":117,"column":51}},"20":{"start":{"line":118,"column":25},"end":{"line":122,"column":5}},"21":{"start":{"line":119,"column":28},"end":{"line":119,"column":40}},"22":{"start":{"line":120,"column":8},"end":{"line":120,"column":27}},"23":{"start":{"line":121,"column":8},"end":{"line":121,"column":29}},"24":{"start":{"line":127,"column":56},"end":{"line":127,"column":68}},"25":{"start":{"line":129,"column":4},"end":{"line":175,"column":6}},"26":{"start":{"line":133,"column":38},"end":{"line":133,"column":54}},"27":{"start":{"line":169,"column":20},"end":{"line":170,"column":79}},"28":{"start":{"line":178,"column":23},"end":{"line":237,"column":1}},"29":{"start":{"line":179,"column":23},"end":{"line":179,"column":38}},"30":{"start":{"line":180,"column":56},"end":{"line":180,"column":61}},"31":{"start":{"line":181,"column":38},"end":{"line":181,"column":53}},"32":{"start":{"line":182,"column":54},"end":{"line":182,"column":80}},"33":{"start":{"line":185,"column":36},"end":{"line":185,"column":48}},"34":{"start":{"line":188,"column":28},"end":{"line":188,"column":48}},"35":{"start":{"line":189,"column":36},"end":{"line":189,"column":51}},"36":{"start":{"line":190,"column":25},"end":{"line":194,"column":5}},"37":{"start":{"line":191,"column":28},"end":{"line":191,"column":40}},"38":{"start":{"line":192,"column":8},"end":{"line":192,"column":27}},"39":{"start":{"line":193,"column":8},"end":{"line":193,"column":29}},"40":{"start":{"line":196,"column":4},"end":{"line":200,"column":74}},"41":{"start":{"line":197,"column":8},"end":{"line":199,"column":9}},"42":{"start":{"line":198,"column":12},"end":{"line":198,"column":105}},"43":{"start":{"line":202,"column":25},"end":{"line":207,"column":5}},"44":{"start":{"line":203,"column":8},"end":{"line":203,"column":28}},"45":{"start":{"line":205,"column":8},"end":{"line":205,"column":102}},"46":{"start":{"line":206,"column":8},"end":{"line":206,"column":27}},"47":{"start":{"line":209,"column":4},"end":{"line":236,"column":6}},"48":{"start":{"line":213,"column":38},"end":{"line":213,"column":54}},"49":{"start":{"line":239,"column":22},"end":{"line":351,"column":1}},"50":{"start":{"line":240,"column":23},"end":{"line":240,"column":38}},"51":{"start":{"line":241,"column":76},"end":{"line":241,"column":81}},"52":{"start":{"line":242,"column":38},"end":{"line":242,"column":53}},"53":{"start":{"line":243,"column":53},"end":{"line":243,"column":78}},"54":{"start":{"line":246,"column":36},"end":{"line":246,"column":48}},"55":{"start":{"line":249,"column":34},"end":{"line":250,"column":32}},"56":{"start":{"line":249,"column":84}
[...]
tart":{"line":403,"column":33},"end":{"line":403,"column":75}},"219":{"start":{"line":404,"column":12},"end":{"line":406,"column":15}},"220":{"start":{"line":408,"column":12},"end":{"line":408,"column":62}},"221":{"start":{"line":409,"column":12},"end":{"line":409,"column":30}},"222":{"start":{"line":411,"column":12},"end":{"line":411,"column":32}},"223":{"start":{"line":415,"column":4},"end":{"line":415,"column":49}},"224":{"start":{"line":419,"column":32},"end":{"line":450,"column":1}},"225":{"start":{"line":420,"column":34},"end":{"line":420,"column":51}},"226":{"start":{"line":421,"column":30},"end":{"line":421,"column":46}},"227":{"start":{"line":423,"column":26},"end":{"line":447,"column":5}},"228":{"start":{"line":424,"column":8},"end":{"line":446,"column":9}},"229":{"start":{"line":425,"column":26},"end":{"line":425,"column":40}},"230":{"start":{"line":428,"column":12},"end":{"line":428,"column":48}},"231":{"start":{"line":431,"column":12},"end":{"line":437,"column":15}},"232":{"start":{"line":440,"column":12},"end":{"line":440,"column":33}},"233":{"start":{"line":442,"column":12},"end":{"line":442,"column":56}},"234":{"start":{"line":443,"column":12},"end":{"line":443,"column":30}},"235":{"start":{"line":445,"column":12},"end":{"line":445,"column":32}},"236":{"start":{"line":449,"column":4},"end":{"line":449,"column":45}}},"fnMap":{"0":{"name":"(anonymous_0)","decl":{"start":{"line":15,"column":28},"end":{"line":15,"column":29}},"loc":{"start":{"line":15,"column":34},"end":{"line":51,"column":1}},"line":15},"1":{"name":"(anonymous_1)","decl":{"start":{"line":19,"column":22},"end":{"line":19,"column":23}},"loc":{"start":{"line":19,"column":38},"end":{"line":48,"column":5}},"line":19},"2":{"name":"(anonymous_2)","decl":{"start":{"line":54,"column":26},"end":{"line":54,"column":27}},"loc":{"start":{"line":54,"column":32},"end":{"line":77,"column":1}},"line":54},"3":{"name":"(anonymous_3)","decl":{"start":{"line":59,"column":14},"end":{"line":59,"column":15}},"loc":{"start":{"line":59,"column":20},"end":{"line":74,"column":5}},"line":59},"4":{"name":"(anonymous_4)","decl":{"start":{"line":60,"column":29},"end":{"line":60,"column":30}},"loc":{"start":{"line":60,"column":41},"end":{"line":71,"column":9}},"line":60},"5":{"name":"(anonymous_5)","decl":{"start":{"line":63,"column":52},"end":{"line":63,"column":53}},"loc":{"start":{"line":63,"column":61},"end":{"line":63,"column":71}},"line":63},"6":{"name":"(anonymous_6)","decl":{"start":{"line":79,"column":22},"end":{"line":79,"column":23}},"loc":{"start":{"line":79,"column":33},"end":{"line":102,"column":1}},"line":79},"7":{"name":"(anonymous_7)","decl":{"start":{"line":84,"column":14},"end":{"line":84,"column":15}},"loc":{"start":{"line":84,"column":20},"end":{"line":99,"column":5}},"line":84},"8":{"name":"(anonymous_8)","decl":{"start":{"line":85,"column":25},"end":{"line":85,"column":26}},"loc":{"start":{"line":85,"column":37},"end":{"line":96,"column":9}},"line":85},"9":{"name":"(anonymous_9)","decl":{"start":{"line":104,"column":28},"end":{"line":104,"column":29}},"loc":{"start":{"line":104,"column":34},"end":{"line":132,"column":1}},"line":104},"10":{"name":"(anonymous_10)","decl":{"start":{"line":109,"column":14},"end":{"line":109,"column":15}},"loc":{"start":{"line":109,"column":20},"end":{"line":129,"column":5}},"line":109},"11":{"name":"(anonymous_11)","decl":{"start":{"line":110,"column":31},"end":{"line":110,"column":32}},"loc":{"start":{"line":110,"column":43},"end":{"line":126,"column":9}},"line":110},"12":{"name":"(anonymous_12)","decl":{"start":{"line":118,"column":52},"end":{"line":118,"column":53}},"loc":{"start":{"line":118,"column":61},"end":{"line":118,"column":71}},"line":118},"13":{"name":"(anonymous_13)","decl":{"start":{"line":134,"column":32},"end":{"line":134,"column":33}},"loc":{"start":{"line":134,"column":38},"end":{"line":161,"column":1}},"line":134},"14":{"name":"(anonymous_14)","decl":{"start":{"line":139,"column":14},"end":{"line":139,"column":15}},"loc":{"start":{"line":139,"column":20},"end":{"line":158,"column":5}},"line":139},"15":{"name":"(anonymous_15)","decl":{"start":{"line":140,"column":35},"end":{"line":140,"column":36}},"loc":{"start":{"line":140,"column":47},"end":{"line":155,"column":9}},"line":140},"16":{"name":"(anonymous_16)","decl":{"start":{"line":147,"column":52},"end":{"line":147,"column":53}},"loc":{"start":{"line":147,"column":61},"end":{"line":147,"column":71}},"line":147},"17":{"name":"(anonymous_17)","decl":{"start":{"line":164,"column":22},"end":{"line":164,"column":23}},"loc":{"start":{"line":164,"column":73},"end":{"line":181,"column":1}},"line":164},"18":{"name":"(anonymous_18)","decl":{"start":{"line":183,"column":24},"end":{"line":183,"column":25}},"loc":{"start":{"line":183,"column":44},"end":{"line":196,"column":1}},"line":183},"19":{"name":"(anonymous_19)","decl":{"start":{"line":198,"column":28},"end":{"line":198,"column":29}},"loc":{"start":{"line":198,"column":55},"end":{"line":207,"column":1}},"line":198},"20":{"name":"(anonymous_20)","decl":{"start":{"line":209,"column":40},"end":{"line":209,"column":41}},"loc":{"start":{"line":209,"column":46},"end":{"line":248,"column":1}},"line":209},"21":{"name":"(anonymous_21)","decl":{"start":{"line":216,"column":14},"end":{"line":216,"column":15}},"loc":{"start":{"line":216,"column":20},"end":{"line":228,"column":5}},"line":216},"22":{"name":"(anonymous_22)","decl":{"start":{"line":221,"column":21},"end":{"line":221,"column":22}},"loc":{"start":{"line":221,"column":30},"end":{"line":224,"column":13}},"line":221},"23":{"name":"(anonymous_23)","decl":{"start":{"line":224,"column":23},"end":{"line":224,"column":24}},"loc":{"start":{"line":224,"column":29},"end":{"line":226,"column":13}},"line":224},"24":{"name":"(anonymous_24)","decl":{"start":{"line":230,"column":34},"end":{"line":230,"column":35}},"loc":{"start":{"line":230,"column":69},"end":{"line":245,"column":5}},"line":230},"25":{"name":"(anonymous_25)","decl":{"start":{"line":250,"column":39},"end":{"line":250,"column":40}},"loc":{"start":{"line":250,"column":45},"end":{"line":300,"column":1}},"line":250},"26":{"name":"(anonymous_26)","decl":{"start":{"line":260,"column":14},"end":{"line":260,"column":15}},"loc":{"start":{"line":260,"column":20},"end":{"line":275,"column":5}},"line":260},"27":{"name":"(anonymous_27)","decl":{"start":{"line":268,"column":21},"end":{"line":268,"column":22}},"loc":{"start":{"line":268,"column":30},"end":{"line":271,"column":13}},"line":268},"28":{"name":"(anonymous_28)","decl":{"start":{"line":271,"column":23},"end":{"line":271,"column":24}},"loc":{"start":{"line":271,"column":29},"end":{"line":273,"column":13}},"line":271},"29":{"name":"(anonymous_29)","decl":{"start":{"line":277,"column":33},"end":{"line":277,"column":34}},"loc":{"start":{"line":277,"column":106},"end":{"line":297,"column":5}},"line":277},"30":{"name":"(anonymous_30)","decl":{"start":{"line":302,"column":35},"end":{"line":302,"column":36}},"loc":{"start":{"line":302,"column":41},"end":{"line":346,"column":1}},"line":302},"31":{"name":"(anonymous_31)","decl":{"start":{"line":310,"column":14},"end":{"line":310,"column":15}},"loc":{"start":{"line":310,"column":20},"end":{"line":323,"column":5}},"line":310},"32":{"name":"(anonymous_32)","decl":{"start":{"line":316,"column":21},"end":{"line":316,"column":22}},"loc":{"start":{"line":316,"column":30},"end":{"line":319,"column":13}},"line":316},"33":{"name":"(anonymous_33)","decl":{"start":{"line":319,"column":23},"end":{"line":319,"column":24}},"loc":{"start":{"line":319,"column":29},"end":{"line":321,"column":13}},"line":319},"34":{"name":"(anonymous_34)","decl":{"start":{"line":325,"column":29},"end":{"line":325,"column":30}},"loc":{"start":{"line":325,"column":70},"end":{"line":343,"column":5}},"line":325},"35":{"name":"(anonymous_35)","decl":{"start":{"line":348,"column":38},"end":{"line":348,"column":39}},"loc":{"start":{"line":348,"column":44},"end":{"line":370,"column":1}},"line":348},"36":{"name":"(anonymous_36)","decl":{"start":{"line":352,"column":32},"end":{"line":352,"column":33}},"loc":{"start":{"line":352,"column":83},"end":{"line":367,"column":5}},"line":352},"37":{"name":"(anonymous_37)","decl":{"start":{"line":372,"column":39},"end":{"line":372,"column":40}},"loc":{"start":{"line":372,"column":45},"end":{"line":392,"column":1}},"line":372},"38":{"name":"(anonymous_38)","decl":{"start":{"line":376,"column":33},"end":{"line":376,"column":34}},"loc":{"start":{"line":376,"column":64},"end":{"line":389,"column":5}},"line":376},"39":{"name":"(anonymous_39)","decl":{"start":{"line":394,"column":36},"end":{"line":394,"column":37}},"loc":{"start":{"line":394,"column":42},"end":{"line":416,"column":1}},"line":394},"40":{"name":"(anonymous_40)","decl":{"start":{"line":398,"column":30},"end":{"line":398,"column":31}},"loc":{"start":{"line":398,"column":65},"end":{"line":413,"column":5}},"line":398},"41":{"name":"(anonymous_41)","decl":{"start":{"line":419,"column":32},"end":{"line":419,"column":33}},"loc":{"start":{"line":419,"column":38},"end":{"line":450,"column":1}},"line":419},"42":{"name":"(anonymous_42)","decl":{"start":{"line":423,"column":26},"end":{"line":423,"column":27}},"loc":{"start":{"line":423,"column":51},"end":{"line":447,"column":5}},"line":423}},"branchMap":{"0":{"loc":{"start":{"line":28,"column":22},"end":{"line":28,"column":41}},"type":"binary-expr","locations":[{"start":{"line":28,"column":22},"end":{"line":28,"column":31}},{"start":{"line":28,"column":35},"end":{"line":28,"column":41}}],"line":28},"1":{"loc":{"start":{"line":29,"column":27},"end":{"line":29,"column":47}},"type":"binary-expr","locations":[{"start":{"line":29,"column":27},"end":{"line":29,"column":41}},{"start":{"line":29,"column":45},"end":{"line":29,"column":47}}],"line":29},"2":{"loc":{"start":{"line":30,"column":24},"end":{"line":30,"column":45}},"type":"binary-expr","locations":[{"start":{"line":30,"column":24},"end":{"line":30,"column":35}},{"start":{"line":30,"column":39},"end":{"line":30,"column":45}}],"line":30},"3":{"loc":{"start":{"line":31,"column":27},"end":{"line":31,"column":47}},"type":"binary-expr","locations":[{"start":{"line":31,"column":27},"end":{"line":31,"column":41}},{"start":{"line":31,"column":45},"end":{"line":31,"column":47}}],"line":31},"4":{"loc":{"start":{"line":32,"column":28},"end":{"line":32,"column":52}},"type":"binary-expr","locations":[{"start":{"line":32,"column":28},"end":{"line":32,"column":43}},{"start":{"line":32,"column":47},"end":{"line":32,"column":52}}],"line":32},"5":{"loc":{"start":{"line":33,"column":29},"end":{"line":33,"column":55}},"type":"binary-expr","locations":[{"start":{"line":33,"column":29},"end":{"line":33,"column":45}},{"start":{"line":33,"column":49},"end":{"line":33,"column":55}}],"line":33},"6":{"loc":{"start":{"line":34,"column":34},"end":{"line":34,"column":65}},"type":"binary-expr","locations":[{"start":{"line":34,"column":34},"end":{"line":34,"column":55}},{"start":{"line":34,"column":59},"end":{"line":34,"column":65}}],"line":34},"7":{"loc":{"start":{"line":35,"column":30},"end":{"line":35,"column":68}},"type":"binary-expr","locations":[{"start":{"line":35,"column":30},"end":{"line":35,"column":47}},{"start":{"line":35,"column":51},"end":{"line":35,"column":68}}],"line":35},"8":{"loc":{"start":{"line":36,"column":29},"end":{"line":36,"column":66}},"type":"binary-expr","locations":[{"start":{"line":36,"column":29},"end":{"line":36,"column":45}},{"start":{"line":36,"column":49},"end":{"line":36,"column":66}}],"line":36},"9":{"loc":{"start":{"line":37,"column":31},"end":{"line":37,"column":55}},"type":"binary-expr","locations":[{"start":{"line":37,"column":31},"end":{"line":37,"column":49}},{"start":{"line":37,"column":53},"end":{"line":37,"column":55}}],"line":37},"10":{"loc":{"start":{"line":38,"column":29},"end":{"line":38,"column":55}},"type":"binary-expr","locations":[{"start":{"line":38,"column":29},"end":{"line":38,"column":45}},{"start":{"line":38,"column":49},"end":{"line":38,"column":55}}],"line":38},"11":{"loc":{"start":{"line":39,"column":28},"end":{"line":39,"column":52}},"type":"binary-expr","locations":[{"start":{"line":39,"column":28},"end":{"line":39,"column":43}},{"start":{"line":39,"column":47},"end":{"line":39,"column":52}}],"line":39},"12":{"loc":{"start":{"line":40,"column":30},"end":{"line":40,"column":57}},"type":"binary-expr","locations":[{"start":{"line":40,"column":30},"end":{"line":40,"column":47}},{"start":{"line":40,"column":51},"end":{"line":40,"column":57}}],"line":40},"13":{"loc":{"start":{"line":184,"column":4},"end":{"line":193,"column":5}},"type":"if","locations":[{"start":{"line":184,"column":4},"end":{"line":193,"column":5}},{"start":{},"end":{}}],"line":184},"14":{"loc":{"start":{"line":186,"column":8},"end":{"line":188,"column":9}},"type":"if","locations":[{"start":{"line":186,"column":8},"end":{"line":188,"column":9}},{"start":{},"end":{}}],"line":186},"15":{"loc":{"start":{"line":217,"column":8},"end":{"line":227,"column":9}},"type":"if","locations":[{"start":{"line":217,"column":8},"end":{"line":227,"column":9}},{"start":{},"end":{}}],"line":217},"16":{"loc":{"start":{"line":261,"column":8},"end":{"line":274,"column":9}},"type":"if","locations":[{"start":{"line":261,"column":8},"end":{"line":274,"column":9}},{"start":{},"end":{}}],"line":261},"17":{"loc":{"start":{"line":261,"column":12},"end":{"line":261,"column":54}},"type":"binary-expr","locations":[{"start":{"line":261,"column":12},"end":{"line":261,"column":31}},{"start":{"line":261,"column":35},"end":{"line":261,"column":54}}],"line":261},"18":{"loc":{"start":{"line":311,"column":8},"end":{"line":322,"column":9}},"type":"if","locations":[{"start":{"line":311,"column":8},"end":{"line":322,"column":9}},{"start":{},"end":{}}],"line":311},"19":{"loc":{"start":{"line":311,"column":12},"end":{"line":311,"column":49}},"type":"binary-expr","locations":[{"start":{"line":311,"column":12},"end":{"line":311,"column":26}},{"start":{"line":311,"column":30},"end":{"line":311,"column":49}}],"line":311},"20":{"loc":{"start":{"line":359,"column":30},"end":{"line":359,"column":52}},"type":"binary-expr","locations":[{"start":{"line":359,"column":30},"end":{"line":359,"column":42}},{"start":{"line":359,"column":46},"end":{"line":359,"column":52}}],"line":359}},"s":{"0":0,"1":0,"2":0,"3":0,"4":0,"5":0,"6":0,"7":0,"8":0,"9":0,"10":0,"11":0,"12":0,"13":0,"14":0,"15":0,"16":0,"17":0,"18":0,"19":0,"20":0,"21":0,"22":0,"23":0,"24":0,"25":0,"26":0,"27":0,"28":0,"29":0,"30":0,"31":0,"32":0,"33":0,"34":0,"35":0,"36":0,"37":0,"38":0,"39":0,"40":0,"41":0,"42":0,"43":0,"44":0,"45":0,"46":0,"47":0,"48":0,"49":0,"50":0,"51":0,"52":0,"53":0,"54":0,"55":0,"56":0,"57":0,"58":0,"59":0,"60":0,"61":0,"62":0,"63":0,"64":0,"65":0,"66":0,"67":0,"68":0,"69":0,"70":0,"71":0,"72":0,"73":0,"74":0,"75":0,"76":0,"77":0,"78":0,"79":0,"80":0,"81":0,"82":0,"83":0,"84":0,"85":0,"86":0,"87":0,"88":0,"89":0,"90":0,"91":0,"92":0,"93":0,"94":0,"95":0,"96":0,"97":0,"98":0,"99":0,"100":0,"101":0,"102":0,"103":0,"104":0,"105":0,"106":0,"107":0,"108":0,"109":0,"110":0,"111":0,"112":0,"113":0,"114":0,"115":0,"116":0,"117":0,"118":0,"119":0,"120":0,"121":0,"122":0,"123":0,"124":0,"125":0,"126":0,"127":0,"128":0,"129":0,"130":0,"131":0,"132":0,"133":0,"134":0,"135":0,"136":0,"137":0,"138":0,"139":0,"140":0,"141":0,"142":0,"143":0,"144":0,"145":0,"146":0,"147":0,"148":0,"149":0,"150":0,"151":0,"152":0,"153":0,"154":0,"155":0,"156":0,"157":0,"158":0,"159":0,"160":0,"161":0,"162":0,"163":0,"164":0,"165":0,"166":0,"167":0,"168":0,"169":0,"170":0,"171":0,"172":0,"173":0,"174":0,"175":0,"176":0,"177":0,"178":0,"179":0,"180":0,"181":0,"182":0,"183":0,"184":0,"185":0,"186":0,"187":0,"188":0,"189":0,"190":0,"191":0,"192":0,"193":0,"194":0,"195":0,"196":0,"197":0,"198":0,"199":0,"200":0,"201":0,"202":0,"203":0,"204":0,"205":0,"206":0,"207":0,"208":0,"209":0,"210":0,"211":0,"212":0,"213":0,"214":0,"215":0,"216":0,"217":0,"218":0,"219":0,"220":0,"221":0,"222":0,"223":0,"224":0,"225":0,"226":0,"227":0,"228":0,"229":0,"230":0,"231":0,"232":0,"233":0,"234":0,"235":0,"236":0},"f":{"0":0,"1":0,"2":0,"3":0,"4":0,"5":0,"6":0,"7":0,"8":0,"9":0,"10":0,"11":0,"12":0,"13":0,"14":0,"15":0,"16":0,"17":0,"18":0,"19":0,"20":0,"21":0,"22":0,"23":0,"24":0,"25":0,"26":0,"27":0,"28":0,"29":0,"30":0,"31":0,"32":0,"33":0,"34":0,"35":0,"36":0,"37":0,"38":0,"39":0,"40":0,"41":0,"42":0},"b":{"0":[0,0],"1":[0,0],"2":[0,0],"3":[0,0],"4":[0,0],"5":[0,0],"6":[0,0],"7":[0,0],"8":[0,0],"9":[0,0],"10":[0,0],"11":[0,0],"12":[0,0],"13":[0,0],"14":[0,0],"15":[0,0],"16":[0,0],"17":[0,0],"18":[0,0],"19":[0,0],"20":[0,0]}}
,"C:\\Users\\User\\Desktop\\Code\\Orbital\\Orbital-Catato\\app\\utils\\db\\photo.js": {"path":"C:\\Users\\User\\Desktop\\Code\\Orbital\\Orbital-Catato\\app\\utils\\db\\photo.js","statementMap":{"0":{"start":{"line":7,"column":35},"end":{"line":17,"column":1}},"1":{"start":{"line":9,"column":17},"end":{"line":14,"column":65}},"2":{"start":{"line":14,"column":19},"end":{"line":14,"column":64}},"3":{"start":{"line":16,"column":4},"end":{"line":16,"column":15}},"4":{"start":{"line":19,"column":34},"end":{"line":29,"column":1}},"5":{"start":{"line":21,"column":17},"end":{"line":26,"column":65}},"6":{"start":{"line":26,"column":19},"end":{"line":26,"column":64}},"7":{"start":{"line":28,"column":4},"end":{"line":28,"column":15}},"8":{"start":{"line":31,"column":36},"end":{"line":40,"column":1}},"9":{"start":{"line":32,"column":23},"end":{"line":32,"column":69}},"10":{"start":{"line":33,"column":21},"end":{"line":33,"column":37}},"11":{"start":{"line":34,"column":17},"end":{"line":34,"column":38}},"12":{"start":{"line":36,"column":4},"end":{"line":36,"column":40}},"13":{"start":{"line":38,"column":24},"end":{"line":38,"column":56}},"14":{"start":{"line":39,"column":4},"end":{"line":39,"column":23}}},"fnMap":{"0":{"name":"(anonymous_0)","decl":{"start":{"line":7,"column":35},"end":{"line":7,"column":36}},"loc":{"start":{"line":7,"column":47},"end":{"line":17,"column":1}},"line":7},"1":{"name":"(anonymous_1)","decl":{"start":{"line":14,"column":12},"end":{"line":14,"column":13}},"loc":{"start":{"line":14,"column":19},"end":{"line":14,"column":64}},"line":14},"2":{"name":"(anonymous_2)","decl":{"start":{"line":19,"column":34},"end":{"line":19,"column":35}},"loc":{"start":{"line":19,"column":46},"end":{"line":29,"column":1}},"line":19},"3":{"name":"(anonymous_3)","decl":{"start":{"line":26,"column":12},"end":{"line":26,"column":13}},"loc":{"start":{"line":26,"column":19},"end":{"line":26,"column":64}},"line":26},"4":{"name":"(anonymous_4)","decl":{"start":{"line":31,"column":36},"end":{"line":31,"column":37}},"loc":{"start":{"line":31,"column":51},"end":{"line":40,"column":1}},"line":31}},"branchMap":{"0":{"loc":{"start":{"line":14,"column":25},"end":{"line":14,"column":64}},"type":"cond-expr","locations":[{"start":{"line":14,"column":40},"end":{"line":14,"column":44}},{"start":{"line":14,"column":47},"end":{"line":14,"column":64}}],"line":14},"1":{"loc":{"start":{"line":26,"column":25},"end":{"line":26,"column":64}},"type":"cond-expr","locations":[{"start":{"line":26,"column":40},"end":{"line":26,"column":44}},{"start":{"line":26,"column":47},"end":{"line":26,"column":64}}],"line":26}},"s":{"0":0,"1":0,"2":0,"3":0,"4":0,"5":0,"6":0,"7":0,"8":0,"9":0,"10":0,"11":0,"12":0,"13":0,"14":0},"f":{"0":0,"1":0,"2":0,"3":0,"4":0},"b":{"0":[0,0],"1":[0,0]}}
,"C:\\Users\\User\\Desktop\\Code\\Orbital\\Orbital-Catato\\app\\utils\\db\\user.js": {"path":"C:\\Users\\User\\Desktop\\Code\\Orbital\\Orbital-Catato\\app\\utils\\db\\user.js","statementMap":{"0":{"start":{"line":4,"column":26},"end":{"line":11,"column":1}},"1":{"start":{"line":5,"column":4},"end":{"line":10,"column":7}}},"fnMap":{"0":{"name":"(anonymous_0)","decl":{"start":{"line":4,"column":26},"end":{"line":4,"column":27}},"loc":{"start":{"line":4,"column":53},"end":{"line":11,"column":1}},"line":4}},"branchMap":{},"s":{"0":0,"1":0},"f":{"0":0},"b":{}}
}
