TN:
SF:app\index.jsx
FN:10,RootNavigation
FNF:1
FNH:0
FNDA:0,RootNavigation
DA:5,0
DA:11,0
DA:13,0
LF:3
LH:0
BRDA:15,0,0,0
BRDA:15,0,1,0
BRF:2
BRH:0
end_of_record
TN:
SF:app\components\Button.jsx
FN:4,(anonymous_0)
FNF:1
FNH:1
FNDA:8,(anonymous_0)
DA:4,2
DA:5,8
LF:2
LH:2
BRDA:7,0,0,8
BRDA:7,0,1,8
BRDA:9,1,0,8
BRDA:9,1,1,8
BRDA:11,2,0,8
BRDA:11,2,1,4
BRF:6
BRH:6
end_of_record
TN:
SF:app\components\Carousel.jsx
FN:6,getInfo1
FN:20,(anonymous_1)
FN:33,(anonymous_2)
FN:36,(anonymous_3)
FN:37,(anonymous_4)
FN:43,(anonymous_5)
FNF:6
FNH:6
FNDA:31,getInfo1
FNDA:11,(anonymous_1)
FNDA:16,(anonymous_2)
FNDA:24,(anonymous_3)
FNDA:24,(anonymous_4)
FNDA:1,(anonymous_5)
DA:7,31
DA:8,2
DA:11,29
DA:12,18
DA:13,11
DA:14,7
DA:16,4
DA:20,2
DA:21,11
DA:22,11
DA:24,11
DA:33,16
DA:36,24
DA:38,24
DA:43,1
LF:15
LH:15
BRDA:7,0,0,2
BRDA:7,0,1,29
BRDA:7,1,0,31
BRDA:7,1,1,30
BRDA:11,2,0,18
BRDA:11,2,1,11
BRDA:11,3,0,29
BRDA:11,3,1,18
BRDA:13,4,0,7
BRDA:13,4,1,4
BRDA:13,5,0,11
BRDA:13,5,1,8
BRDA:47,6,0,24
BRDA:47,6,1,0
BRF:14
BRH:13
end_of_record
TN:
SF:app\components\CatAvatar.jsx
FN:4,(anonymous_0)
FN:16,(anonymous_1)
FNF:2
FNH:2
FNDA:9,(anonymous_0)
FNDA:19,(anonymous_1)
DA:4,4
DA:5,9
DA:16,4
DA:17,19
DA:33,4
LF:5
LH:5
BRDA:8,0,0,9
BRDA:8,0,1,5
BRDA:9,1,0,9
BRDA:9,1,1,4
BRDA:11,2,0,9
BRDA:11,2,1,5
BRDA:23,3,0,19
BRDA:23,3,1,7
BRDA:24,4,0,19
BRDA:24,4,1,4
BRDA:26,5,0,19
BRDA:26,5,1,2
BRF:12
BRH:12
end_of_record
TN:
SF:app\components\CatCard.jsx
FN:4,(anonymous_0)
FN:36,(anonymous_1)
FNF:2
FNH:2
FNDA:29,(anonymous_0)
FNDA:5,(anonymous_1)
DA:4,3
DA:5,29
DA:7,29
DA:36,3
DA:37,5
LF:5
LH:5
BRDA:5,0,0,24
BRDA:5,0,1,5
BRDA:13,1,0,29
BRDA:13,1,1,4
BRDA:15,2,0,29
BRDA:15,2,1,4
BRDA:43,3,0,5
BRDA:43,3,1,4
BRDA:45,4,0,5
BRDA:45,4,1,4
BRF:10
BRH:10
end_of_record
TN:
SF:app\components\FormComponents.jsx
FN:13,(anonymous_0)
FN:20,(anonymous_1)
FN:30,(anonymous_2)
FN:54,(anonymous_3)
FN:67,(anonymous_4)
FN:76,(anonymous_5)
FN:80,(anonymous_6)
FN:111,(anonymous_7)
FN:119,(anonymous_8)
FN:134,(anonymous_9)
FN:136,(anonymous_10)
FN:137,(anonymous_11)
FNF:12
FNH:1
FNDA:0,(anonymous_0)
FNDA:0,(anonymous_1)
FNDA:3,(anonymous_2)
FNDA:0,(anonymous_3)
FNDA:0,(anonymous_4)
FNDA:0,(anonymous_5)
FNDA:0,(anonymous_6)
FNDA:0,(anonymous_7)
FNDA:0,(anonymous_8)
FNDA:0,(anonymous_9)
FNDA:0,(anonymous_10)
FNDA:0,(anonymous_11)
DA:9,1
DA:10,1
DA:13,1
DA:14,0
DA:16,0
DA:20,0
DA:30,1
DA:31,3
DA:33,3
DA:54,1
DA:55,0
DA:57,0
DA:67,0
DA:76,1
DA:77,0
DA:78,0
DA:80,0
DA:81,0
DA:82,0
DA:83,0
DA:87,0
DA:111,1
DA:112,0
DA:114,0
DA:119,0
DA:134,1
DA:135,0
DA:136,0
DA:137,0
DA:139,0
DA:162,1
LF:31
LH:11
BRDA:20,0,0,0
BRDA:20,0,1,0
BRDA:21,1,0,0
BRDA:21,1,1,0
BRDA:38,2,0,3
BRDA:38,2,1,2
BRDA:41,3,0,0
BRDA:41,3,1,3
BRDA:42,4,0,0
BRDA:42,4,1,3
BRDA:44,5,0,0
BRDA:44,5,1,3
BRDA:46,6,0,0
BRDA:46,6,1,3
BRDA:47,7,0,3
BRDA:47,7,1,3
BRDA:66,8,0,0
BRDA:66,8,1,0
BRDA:67,9,0,0
BRDA:67,9,1,0
BRDA:91,10,0,0
BRDA:91,10,1,0
BRDA:94,11,0,0
BRDA:94,11,1,0
BRDA:97,12,0,0
BRDA:97,12,1,0
BRDA:97,13,0,0
BRDA:97,13,1,0
BRDA:102,14,0,0
BRDA:102,14,1,0
BRDA:103,15,0,0
BRDA:103,15,1,0
BRDA:118,16,0,0
BRDA:118,16,1,0
BRDA:119,17,0,0
BRDA:119,17,1,0
BRDA:122,18,0,0
BRDA:122,18,1,0
BRDA:126,19,0,0
BRDA:126,19,1,0
BRF:40
BRH:8
end_of_record
TN:
SF:app\components\InfoText.jsx
FN:5,(anonymous_0)
FN:20,(anonymous_1)
FNF:2
FNH:2
FNDA:92,(anonymous_0)
FNDA:22,(anonymous_1)
DA:5,6
DA:6,92
DA:20,6
DA:21,22
DA:31,6
LF:5
LH:5
BRDA:10,0,0,92
BRDA:10,0,1,26
BRDA:11,1,0,92
BRDA:11,1,1,19
BRDA:13,2,0,92
BRDA:13,2,1,25
BRDA:14,3,0,92
BRDA:14,3,1,13
BRDA:23,4,0,22
BRDA:23,4,1,3
BRDA:24,5,0,22
BRDA:24,5,1,3
BRF:12
BRH:12
end_of_record
TN:
SF:app\components\TextInput.jsx
FN:6,(anonymous_0)
FN:32,(anonymous_1)
FN:35,(anonymous_2)
FN:35,(anonymous_3)
FNF:4
FNH:4
FNDA:7,(anonymous_0)
FNDA:8,(anonymous_1)
FNDA:2,(anonymous_2)
FNDA:2,(anonymous_3)
DA:6,1
DA:7,7
DA:9,7
DA:32,1
DA:33,8
DA:34,8
DA:35,8
DA:37,8
DA:72,1
LF:9
LH:9
BRDA:12,0,0,7
BRDA:12,0,1,7
BRDA:19,1,0,7
BRDA:19,1,1,6
BRDA:25,2,0,7
BRDA:25,2,1,7
BRDA:26,3,0,7
BRDA:26,3,1,7
BRDA:40,4,0,8
BRDA:40,4,1,8
BRDA:47,5,0,8
BRDA:47,5,1,7
BRDA:54,6,0,8
BRDA:54,6,1,8
BRDA:55,7,0,8
BRDA:55,7,1,8
BRDA:60,8,0,7
BRDA:60,8,1,1
BRF:18
BRH:18
end_of_record
TN:
SF:app\config\firebase.js
FNF:0
FNH:0
DA:5,0
DA:15,0
DA:16,0
DA:17,0
LF:4
LH:0
BRF:0
BRH:0
end_of_record
TN:
SF:app\data\CatTempData.js
FNF:0
FNH:0
DA:2,4
LF:1
LH:1
BRF:0
BRH:0
end_of_record
TN:
SF:app\data\DateTimeOptions.js
FNF:0
FNH:0
DA:1,5
DA:10,5
LF:2
LH:2
BRF:0
BRH:0
end_of_record
TN:
SF:app\data\locationData.js
FNF:0
FNH:0
DA:1,0
LF:1
LH:0
BRF:0
BRH:0
end_of_record
TN:
SF:app\screens\authentication\ForgotPassword.jsx
FN:10,ForgotPasswordScreen
FN:17,(anonymous_1)
FNF:2
FNH:0
FNDA:0,ForgotPasswordScreen
FNDA:0,(anonymous_1)
DA:11,0
DA:12,0
DA:13,0
DA:14,0
DA:15,0
DA:17,0
DA:18,0
DA:19,0
DA:20,0
DA:21,0
DA:23,0
DA:25,0
DA:26,0
DA:28,0
DA:29,0
DA:30,0
DA:34,0
LF:17
LH:0
BRDA:52,0,0,0
BRDA:52,0,1,0
BRDA:53,1,0,0
BRDA:53,1,1,0
BRDA:54,2,0,0
BRDA:54,2,1,0
BRF:6
BRH:0
end_of_record
TN:
SF:app\screens\authentication\Login.jsx
FN:10,LoginScreen
FN:17,(anonymous_1)
FN:65,(anonymous_2)
FNF:3
FNH:0
FNDA:0,LoginScreen
FNDA:0,(anonymous_1)
FNDA:0,(anonymous_2)
DA:11,0
DA:12,0
DA:13,0
DA:14,0
DA:15,0
DA:17,0
DA:18,0
DA:19,0
DA:20,0
DA:22,0
DA:24,0
DA:25,0
DA:27,0
DA:28,0
DA:29,0
DA:33,0
DA:65,0
LF:17
LH:0
BRDA:60,0,0,0
BRDA:60,0,1,0
BRDA:61,1,0,0
BRDA:61,1,1,0
BRF:4
BRH:0
end_of_record
TN:
SF:app\screens\authentication\SignUp.jsx
FN:11,SignUpScreen
FN:19,(anonymous_1)
FNF:2
FNH:0
FNDA:0,SignUpScreen
FNDA:0,(anonymous_1)
DA:12,0
DA:13,0
DA:14,0
DA:15,0
DA:16,0
DA:17,0
DA:19,0
DA:20,0
DA:21,0
DA:22,0
DA:24,0
DA:25,0
DA:26,0
DA:28,0
DA:29,0
DA:31,0
DA:32,0
DA:33,0
DA:37,0
LF:19
LH:0
BRDA:72,0,0,0
BRDA:72,0,1,0
BRDA:73,1,0,0
BRDA:73,1,1,0
BRF:4
BRH:0
end_of_record
TN:
SF:app\screens\authentication\Welcome.jsx
FN:10,WelcomeScreen
FN:15,(anonymous_1)
FN:19,(anonymous_2)
FN:23,(anonymous_3)
FNF:4
FNH:0
FNDA:0,WelcomeScreen
FNDA:0,(anonymous_1)
FNDA:0,(anonymous_2)
FNDA:0,(anonymous_3)
DA:11,0
DA:12,0
DA:13,0
DA:15,0
DA:16,0
DA:19,0
DA:20,0
DA:23,0
DA:24,0
DA:25,0
DA:26,0
DA:28,0
DA:29,0
DA:31,0
DA:32,0
DA:34,0
DA:35,0
DA:36,0
DA:40,0
LF:19
LH:0
BRDA:60,0,0,0
BRDA:60,0,1,0
BRDA:61,1,0,0
BRDA:61,1,1,0
BRF:4
BRH:0
end_of_record
TN:
SF:app\screens\authentication\_layout.jsx
FN:4,AuthLayout
FNF:1
FNH:0
FNDA:0,AuthLayout
DA:5,0
LF:1
LH:0
BRF:0
BRH:0
end_of_record
TN:
SF:app\screens\main\Dashboard.jsx
FN:10,getConcernCats
FN:11,(anonymous_1)
FN:16,getUnfedCats
FN:17,(anonymous_3)
FN:25,(anonymous_4)
FN:37,Dashboard
FNF:6
FNH:6
FNDA:2,getConcernCats
FNDA:10,(anonymous_1)
FNDA:2,getUnfedCats
FNDA:10,(anonymous_3)
FNDA:8,(anonymous_4)
FNDA:2,Dashboard
DA:11,10
DA:12,2
DA:17,2
DA:18,10
DA:19,10
DA:21,2
DA:25,1
DA:26,8
DA:38,2
DA:39,2
DA:41,2
LF:11
LH:11
BRDA:11,0,0,10
BRDA:11,0,1,10
BRDA:19,1,0,10
BRDA:19,1,1,6
BRDA:29,2,0,8
BRDA:29,2,1,1
BRDA:30,3,0,8
BRDA:30,3,1,1
BRDA:48,4,0,2
BRDA:48,4,1,0
BRDA:60,5,0,2
BRDA:60,5,1,0
BRF:12
BRH:10
end_of_record
TN:
SF:app\screens\main\Map.jsx
FN:4,Map
FNF:1
FNH:1
FNDA:2,Map
DA:5,2
LF:1
LH:1
BRF:0
BRH:0
end_of_record
TN:
SF:app\screens\main\_layout.jsx
FN:5,MainLayout
FN:11,(anonymous_1)
FN:16,(anonymous_2)
FN:21,(anonymous_3)
FN:26,(anonymous_4)
FN:31,(anonymous_5)
FNF:6
FNH:0
FNDA:0,MainLayout
FNDA:0,(anonymous_1)
FNDA:0,(anonymous_2)
FNDA:0,(anonymous_3)
FNDA:0,(anonymous_4)
FNDA:0,(anonymous_5)
DA:6,0
DA:12,0
DA:17,0
DA:22,0
DA:27,0
DA:32,0
LF:6
LH:0
BRDA:12,0,0,0
BRDA:12,0,1,0
BRDA:17,1,0,0
BRDA:17,1,1,0
BRDA:22,2,0,0
BRDA:22,2,1,0
BRDA:27,3,0,0
BRDA:27,3,1,0
BRDA:32,4,0,0
BRDA:32,4,1,0
BRF:10
BRH:0
end_of_record
TN:
SF:app\screens\main\catalogue\CatProfile.jsx
FN:10,getCat
FN:11,(anonymous_1)
FN:14,CatProfile
FN:19,CatProfileScreen
FN:32,(anonymous_4)
FN:45,(anonymous_5)
FN:51,(anonymous_6)
FNF:7
FNH:6
FNDA:5,getCat
FNDA:13,(anonymous_1)
FNDA:0,CatProfile
FNDA:5,CatProfileScreen
FNDA:3,(anonymous_4)
FNDA:1,(anonymous_5)
FNDA:1,(anonymous_6)
DA:11,13
DA:15,0
DA:16,0
DA:20,5
DA:21,5
DA:23,5
DA:24,2
DA:32,3
DA:33,3
DA:35,3
DA:45,1
DA:51,1
LF:12
LH:10
BRDA:23,0,0,2
BRDA:23,0,1,3
BRF:2
BRH:2
end_of_record
TN:
SF:app\screens\main\catalogue\Catalogue.jsx
FN:8,getCats
FN:12,Catalogue
FN:18,(anonymous_2)
FN:22,(anonymous_3)
FN:30,(anonymous_4)
FNF:5
FNH:5
FNDA:3,getCats
FNDA:3,Catalogue
FNDA:12,(anonymous_2)
FNDA:15,(anonymous_3)
FNDA:1,(anonymous_4)
DA:9,3
DA:13,3
DA:15,3
DA:18,12
DA:23,15
DA:31,1
LF:6
LH:6
BRF:0
BRH:0
end_of_record
TN:
SF:app\screens\main\catalogue\PhotoGallery.jsx
FN:10,PhotoGallery
FN:18,(anonymous_1)
FN:26,(anonymous_2)
FN:38,(anonymous_3)
FN:43,(anonymous_4)
FN:61,(anonymous_5)
FN:61,(anonymous_6)
FNF:7
FNH:0
FNDA:0,PhotoGallery
FNDA:0,(anonymous_1)
FNDA:0,(anonymous_2)
FNDA:0,(anonymous_3)
FNDA:0,(anonymous_4)
FNDA:0,(anonymous_5)
FNDA:0,(anonymous_6)
DA:11,0
DA:12,0
DA:13,0
DA:15,0
DA:16,0
DA:18,0
DA:19,0
DA:20,0
DA:22,0
DA:26,0
DA:27,0
DA:28,0
DA:30,0
DA:34,0
DA:38,0
DA:44,0
DA:61,0
LF:17
LH:0
BRDA:20,0,0,0
BRDA:20,0,1,0
BRDA:28,1,0,0
BRDA:28,1,1,0
BRDA:56,2,0,0
BRDA:56,2,1,0
BRF:6
BRH:0
end_of_record
TN:
SF:app\screens\main\catalogue\ProfileContainers.jsx
FN:10,(anonymous_0)
FN:23,(anonymous_1)
FN:46,(anonymous_2)
FN:88,(anonymous_3)
FN:107,(anonymous_4)
FN:120,(anonymous_5)
FNF:6
FNH:6
FNDA:5,(anonymous_0)
FNDA:6,(anonymous_1)
FNDA:6,(anonymous_2)
FNDA:10,(anonymous_3)
FNDA:23,(anonymous_4)
FNDA:6,(anonymous_5)
DA:10,2
DA:11,5
DA:23,2
DA:24,6
DA:46,2
DA:47,6
DA:88,2
DA:91,10
DA:92,4
DA:97,6
DA:98,5
DA:100,1
DA:103,6
DA:105,6
DA:108,23
DA:120,2
DA:121,6
DA:141,2
LF:18
LH:18
BRDA:29,0,0,5
BRDA:29,0,1,1
BRDA:34,1,0,5
BRDA:34,1,1,1
BRDA:39,2,0,5
BRDA:39,2,1,1
BRDA:53,3,0,5
BRDA:53,3,1,1
BRDA:59,4,0,5
BRDA:59,4,1,1
BRDA:59,5,0,6
BRDA:59,5,1,5
BRDA:67,6,0,5
BRDA:67,6,1,1
BRDA:73,7,0,5
BRDA:73,7,1,1
BRDA:81,8,0,5
BRDA:81,8,1,1
BRDA:91,9,0,4
BRDA:91,9,1,6
BRDA:91,10,0,10
BRDA:91,10,1,6
BRDA:97,11,0,5
BRDA:97,11,1,1
BRF:24
BRH:24
end_of_record
TN:
SF:app\screens\main\catalogue\_layout.jsx
FN:4,CatalogueLayout
FNF:1
FNH:0
FNDA:0,CatalogueLayout
DA:5,0
LF:1
LH:0
BRF:0
BRH:0
end_of_record
TN:
SF:app\screens\main\settings\Settings.jsx
FN:10,(anonymous_0)
FN:19,(anonymous_1)
FN:20,(anonymous_2)
FN:20,(anonymous_3)
FN:21,(anonymous_4)
FN:27,(anonymous_5)
FN:28,(anonymous_6)
FN:28,(anonymous_7)
FN:29,(anonymous_8)
FN:36,(anonymous_9)
FN:36,(anonymous_10)
FN:37,(anonymous_11)
FN:46,(anonymous_12)
FN:47,(anonymous_13)
FN:47,(anonymous_14)
FN:48,(anonymous_15)
FN:55,Settings
FN:61,(anonymous_17)
FN:64,(anonymous_18)
FN:68,(anonymous_19)
FNF:20
FNH:0
FNDA:0,(anonymous_0)
FNDA:0,(anonymous_1)
FNDA:0,(anonymous_2)
FNDA:0,(anonymous_3)
FNDA:0,(anonymous_4)
FNDA:0,(anonymous_5)
FNDA:0,(anonymous_6)
FNDA:0,(anonymous_7)
FNDA:0,(anonymous_8)
FNDA:0,(anonymous_9)
FNDA:0,(anonymous_10)
FNDA:0,(anonymous_11)
FNDA:0,(anonymous_12)
FNDA:0,(anonymous_13)
FNDA:0,(anonymous_14)
FNDA:0,(anonymous_15)
FNDA:0,Settings
FNDA:0,(anonymous_17)
FNDA:0,(anonymous_18)
FNDA:0,(anonymous_19)
DA:10,0
DA:11,0
DA:12,0
DA:14,0
DA:20,0
DA:21,0
DA:28,0
DA:29,0
DA:36,0
DA:37,0
DA:47,0
DA:48,0
DA:56,0
DA:57,0
DA:58,0
DA:59,0
DA:61,0
DA:62,0
DA:63,0
DA:65,0
DA:66,0
DA:69,0
DA:70,0
DA:71,0
DA:75,0
DA:99,0
LF:26
LH:0
BRDA:78,0,0,0
BRDA:78,0,1,0
BRDA:78,1,0,0
BRDA:78,1,1,0
BRDA:79,2,0,0
BRDA:79,2,1,0
BRDA:80,3,0,0
BRDA:80,3,1,0
BRDA:93,4,0,0
BRDA:93,4,1,0
BRDA:94,5,0,0
BRDA:94,5,1,0
BRF:12
BRH:0
end_of_record
TN:
SF:app\screens\main\settings\_layout.jsx
FN:4,SettingsLayout
FNF:1
FNH:0
FNDA:0,SettingsLayout
DA:5,0
LF:1
LH:0
BRF:0
BRH:0
end_of_record
TN:
SF:app\screens\main\update\ConfirmUpdate.jsx
FN:8,ConfirmUpdate
FN:27,(anonymous_1)
FNF:2
FNH:0
FNDA:0,ConfirmUpdate
FNDA:0,(anonymous_1)
DA:9,0
DA:11,0
DA:13,0
DA:27,0
LF:4
LH:0
BRF:0
BRH:0
end_of_record
TN:
SF:app\screens\main\update\Form.jsx
FN:8,getForm
FN:35,Form
FNF:2
FNH:0
FNDA:0,getForm
FNDA:0,Form
DA:9,0
DA:11,0
DA:13,0
DA:15,0
DA:17,0
DA:19,0
DA:21,0
DA:23,0
DA:25,0
DA:27,0
DA:36,0
DA:37,0
DA:39,0
LF:13
LH:0
BRDA:9,0,0,0
BRDA:9,0,1,0
BRDA:9,0,2,0
BRDA:9,0,3,0
BRDA:9,0,4,0
BRDA:9,0,5,0
BRDA:9,0,6,0
BRDA:9,0,7,0
BRDA:9,0,8,0
BRF:9
BRH:0
end_of_record
TN:
SF:app\screens\main\update\FormType.jsx
FN:12,(anonymous_0)
FN:47,(anonymous_1)
FN:48,(anonymous_2)
FN:56,(anonymous_3)
FN:71,(anonymous_4)
FN:79,(anonymous_5)
FN:98,(anonymous_6)
FN:108,(anonymous_7)
FN:118,(anonymous_8)
FN:133,(anonymous_9)
FN:151,(anonymous_10)
FN:152,(anonymous_11)
FN:168,(anonymous_12)
FN:178,(anonymous_13)
FN:190,(anonymous_14)
FN:196,(anonymous_15)
FN:202,(anonymous_16)
FN:213,(anonymous_17)
FN:239,(anonymous_18)
FN:249,(anonymous_19)
FN:261,(anonymous_20)
FN:270,(anonymous_21)
FN:276,(anonymous_22)
FN:281,(anonymous_23)
FN:286,(anonymous_24)
FN:297,(anonymous_25)
FN:317,(anonymous_26)
FN:327,(anonymous_27)
FN:328,(anonymous_28)
FN:353,(anonymous_29)
FN:365,(anonymous_30)
FN:371,(anonymous_31)
FN:377,(anonymous_32)
FN:388,(anonymous_33)
FN:413,(anonymous_34)
FN:425,(anonymous_35)
FN:431,(anonymous_36)
FN:443,(anonymous_37)
FN:470,(anonymous_38)
FN:505,(anonymous_39)
FN:506,(anonymous_40)
FN:514,(anonymous_41)
FN:529,(anonymous_42)
FN:537,(anonymous_43)
FN:557,(anonymous_44)
FN:567,(anonymous_45)
FN:577,(anonymous_46)
FNF:47
FNH:0
FNDA:0,(anonymous_0)
FNDA:0,(anonymous_1)
FNDA:0,(anonymous_2)
FNDA:0,(anonymous_3)
FNDA:0,(anonymous_4)
FNDA:0,(anonymous_5)
FNDA:0,(anonymous_6)
FNDA:0,(anonymous_7)
FNDA:0,(anonymous_8)
FNDA:0,(anonymous_9)
FNDA:0,(anonymous_10)
FNDA:0,(anonymous_11)
FNDA:0,(anonymous_12)
FNDA:0,(anonymous_13)
FNDA:0,(anonymous_14)
FNDA:0,(anonymous_15)
FNDA:0,(anonymous_16)
FNDA:0,(anonymous_17)
FNDA:0,(anonymous_18)
FNDA:0,(anonymous_19)
FNDA:0,(anonymous_20)
FNDA:0,(anonymous_21)
FNDA:0,(anonymous_22)
FNDA:0,(anonymous_23)
FNDA:0,(anonymous_24)
FNDA:0,(anonymous_25)
FNDA:0,(anonymous_26)
FNDA:0,(anonymous_27)
FNDA:0,(anonymous_28)
FNDA:0,(anonymous_29)
FNDA:0,(anonymous_30)
FNDA:0,(anonymous_31)
FNDA:0,(anonymous_32)
FNDA:0,(anonymous_33)
FNDA:0,(anonymous_34)
FNDA:0,(anonymous_35)
FNDA:0,(anonymous_36)
FNDA:0,(anonymous_37)
FNDA:0,(anonymous_38)
FNDA:0,(anonymous_39)
FNDA:0,(anonymous_40)
FNDA:0,(anonymous_41)
FNDA:0,(anonymous_42)
FNDA:0,(anonymous_43)
FNDA:0,(anonymous_44)
FNDA:0,(anonymous_45)
FNDA:0,(anonymous_46)
DA:12,0
DA:13,0
DA:14,0
DA:15,0
DA:18,0
DA:23,0
DA:26,0
DA:29,0
DA:32,0
DA:34,0
DA:56,0
DA:71,0
DA:79,0
DA:99,0
DA:108,0
DA:109,0
DA:110,0
DA:113,0
DA:116,0
DA:117,0
DA:118,0
DA:119,0
DA:120,0
DA:121,0
DA:127,0
DA:129,0
DA:133,0
DA:169,0
DA:178,0
DA:179,0
DA:180,0
DA:181,0
DA:182,0
DA:185,0
DA:188,0
DA:189,0
DA:190,0
DA:191,0
DA:192,0
DA:193,0
DA:196,0
DA:197,0
DA:198,0
DA:202,0
DA:203,0
DA:205,0
DA:206,0
DA:209,0
DA:213,0
DA:239,0
DA:240,0
DA:241,0
DA:242,0
DA:243,0
DA:246,0
DA:249,0
DA:253,0
DA:256,0
DA:259,0
DA:260,0
DA:261,0
DA:262,0
DA:263,0
DA:264,0
DA:270,0
DA:271,0
DA:272,0
DA:276,0
DA:277,0
DA:278,0
DA:281,0
DA:282,0
DA:283,0
DA:286,0
DA:287,0
DA:289,0
DA:290,0
DA:293,0
DA:297,0
DA:317,0
DA:353,0
DA:354,0
DA:355,0
DA:356,0
DA:357,0
DA:360,0
DA:363,0
DA:364,0
DA:365,0
DA:366,0
DA:367,0
DA:368,0
DA:371,0
DA:372,0
DA:373,0
DA:377,0
DA:378,0
DA:380,0
DA:381,0
DA:384,0
DA:388,0
DA:413,0
DA:414,0
DA:415,0
DA:416,0
DA:417,0
DA:420,0
DA:423,0
DA:425,0
DA:426,0
DA:427,0
DA:431,0
DA:432,0
DA:434,0
DA:435,0
DA:438,0
DA:443,0
DA:470,0
DA:471,0
DA:472,0
DA:473,0
DA:476,0
DA:481,0
DA:484,0
DA:487,0
DA:490,0
DA:492,0
DA:514,0
DA:529,0
DA:537,0
DA:558,0
DA:567,0
DA:568,0
DA:569,0
DA:570,0
DA:572,0
DA:578,0
DA:591,0
LF:138
LH:0
BRDA:67,0,0,0
BRDA:67,0,1,0
BRDA:102,1,0,0
BRDA:102,1,1,0
BRDA:172,2,0,0
BRDA:172,2,1,0
BRDA:197,3,0,0
BRDA:197,3,1,0
BRDA:197,4,0,0
BRDA:197,4,1,0
BRDA:197,4,2,0
BRDA:233,5,0,0
BRDA:233,5,1,0
BRDA:234,6,0,0
BRDA:234,6,1,0
BRDA:249,7,0,0
BRDA:249,7,1,0
BRDA:249,8,0,0
BRDA:249,8,1,0
BRDA:256,9,0,0
BRDA:256,9,1,0
BRDA:271,10,0,0
BRDA:271,10,1,0
BRDA:271,11,0,0
BRDA:271,11,1,0
BRDA:271,11,2,0
BRDA:345,12,0,0
BRDA:345,12,1,0
BRDA:347,13,0,0
BRDA:347,13,1,0
BRDA:348,14,0,0
BRDA:348,14,1,0
BRDA:372,15,0,0
BRDA:372,15,1,0
BRDA:372,16,0,0
BRDA:372,16,1,0
BRDA:372,16,2,0
BRDA:420,17,0,0
BRDA:420,17,1,0
BRDA:423,18,0,0
BRDA:423,18,1,0
BRDA:426,19,0,0
BRDA:426,19,1,0
BRDA:426,20,0,0
BRDA:426,20,1,0
BRDA:426,20,2,0
BRDA:476,21,0,0
BRDA:476,21,1,0
BRDA:481,22,0,0
BRDA:481,22,1,0
BRDA:484,23,0,0
BRDA:484,23,1,0
BRDA:487,24,0,0
BRDA:487,24,1,0
BRDA:490,25,0,0
BRDA:490,25,1,0
BRDA:525,26,0,0
BRDA:525,26,1,0
BRDA:561,27,0,0
BRDA:561,27,1,0
BRF:60
BRH:0
end_of_record
TN:
SF:app\screens\main\update\SelectCat.jsx
FN:8,getCats
FN:12,SelectCat
FN:22,(anonymous_2)
FN:24,(anonymous_3)
FN:33,(anonymous_4)
FNF:5
FNH:0
FNDA:0,getCats
FNDA:0,SelectCat
FNDA:0,(anonymous_2)
FNDA:0,(anonymous_3)
FNDA:0,(anonymous_4)
DA:9,0
DA:13,0
DA:15,0
DA:16,0
DA:24,0
DA:25,0
DA:27,0
DA:33,0
LF:8
LH:0
BRF:0
BRH:0
end_of_record
TN:
SF:app\screens\main\update\Update.jsx
FN:8,Update
FN:30,(anonymous_1)
FN:37,(anonymous_2)
FN:43,(anonymous_3)
FN:49,(anonymous_4)
FNF:5
FNH:0
FNDA:0,Update
FNDA:0,(anonymous_1)
FNDA:0,(anonymous_2)
FNDA:0,(anonymous_3)
FNDA:0,(anonymous_4)
DA:9,0
DA:11,0
DA:13,0
DA:14,0
DA:15,0
DA:16,0
DA:20,0
DA:30,0
DA:37,0
DA:43,0
DA:49,0
LF:11
LH:0
BRDA:13,0,0,0
BRDA:13,0,1,0
BRDA:14,1,0,0
BRDA:14,1,1,0
BRDA:15,2,0,0
BRDA:15,2,1,0
BRDA:16,3,0,0
BRDA:16,3,1,0
BRDA:16,4,0,0
BRDA:16,4,1,0
BRF:10
BRH:0
end_of_record
TN:
SF:app\screens\main\update\UpdateOptions.jsx
FN:7,(anonymous_0)
FN:15,(anonymous_1)
FN:16,(anonymous_2)
FN:22,(anonymous_3)
FN:23,(anonymous_4)
FN:30,(anonymous_5)
FN:31,(anonymous_6)
FN:37,(anonymous_7)
FN:38,(anonymous_8)
FN:44,(anonymous_9)
FN:45,(anonymous_10)
FN:51,(anonymous_11)
FN:52,(anonymous_12)
FN:59,UpdateOptions
FNF:14
FNH:0
FNDA:0,(anonymous_0)
FNDA:0,(anonymous_1)
FNDA:0,(anonymous_2)
FNDA:0,(anonymous_3)
FNDA:0,(anonymous_4)
FNDA:0,(anonymous_5)
FNDA:0,(anonymous_6)
FNDA:0,(anonymous_7)
FNDA:0,(anonymous_8)
FNDA:0,(anonymous_9)
FNDA:0,(anonymous_10)
FNDA:0,(anonymous_11)
FNDA:0,(anonymous_12)
FNDA:0,UpdateOptions
DA:7,0
DA:8,0
DA:10,0
DA:15,0
DA:16,0
DA:22,0
DA:23,0
DA:30,0
DA:31,0
DA:37,0
DA:38,0
DA:44,0
DA:45,0
DA:51,0
DA:52,0
DA:60,0
DA:62,0
DA:79,0
LF:18
LH:0
BRF:0
BRH:0
end_of_record
TN:
SF:app\screens\main\update\_layout.jsx
FN:4,SettingsLayout
FNF:1
FNH:0
FNDA:0,SettingsLayout
DA:5,0
LF:1
LH:0
BRF:0
BRH:0
end_of_record
TN:
SF:app\utils\calculateItemWidths.js
FN:4,getItemWidth
FN:14,getCardWidth
FNF:2
FNH:2
FNDA:6,getItemWidth
FNDA:2,getCardWidth
DA:5,6
DA:7,6
DA:9,6
DA:10,6
DA:16,2
DA:17,2
DA:18,2
LF:7
LH:7
BRDA:5,0,0,0
BRDA:5,0,1,6
BRF:2
BRH:1
end_of_record
TN:
SF:app\utils\formatDetails.js
FN:4,formatAge
FN:15,formatLastSeen
FN:32,formatLastSeenSimple
FN:48,formatLastFed
FN:65,formatLastFedSimple
FNF:5
FNH:5
FNDA:5,formatAge
FNDA:5,formatLastSeen
FNDA:24,formatLastSeenSimple
FNDA:5,formatLastFed
FNDA:7,formatLastFedSimple
DA:5,5
DA:7,5
DA:8,0
DA:10,5
DA:16,5
DA:17,5
DA:20,5
DA:22,5
DA:23,5
DA:25,0
DA:28,5
DA:33,24
DA:36,24
DA:38,24
DA:39,22
DA:41,2
DA:44,24
DA:49,5
DA:50,5
DA:53,5
DA:55,5
DA:56,5
DA:58,0
DA:61,5
DA:66,7
DA:67,7
DA:70,7
DA:72,7
DA:73,7
DA:75,0
DA:78,7
LF:31
LH:27
BRDA:7,0,0,0
BRDA:7,0,1,5
BRDA:22,1,0,5
BRDA:22,1,1,0
BRDA:38,2,0,22
BRDA:38,2,1,2
BRDA:55,3,0,5
BRDA:55,3,1,0
BRDA:72,4,0,7
BRDA:72,4,1,0
BRF:10
BRH:6
end_of_record
TN:
SF:app\utils\context\auth.jsx
FN:7,useAuth
FN:12,AuthProvider
FN:15,(anonymous_2)
FN:17,(anonymous_3)
FNF:4
FNH:0
FNDA:0,useAuth
FNDA:0,AuthProvider
FNDA:0,(anonymous_2)
FNDA:0,(anonymous_3)
DA:4,0
DA:5,0
DA:8,0
DA:13,0
DA:15,0
DA:17,0
DA:19,0
DA:22,0
LF:8
LH:0
BRF:0
BRH:0
end_of_record
TN:
SF:app\utils\db\cat.js
FN:15,(anonymous_0)
FN:19,(anonymous_1)
FN:54,(anonymous_2)
FN:59,(anonymous_3)
FN:60,(anonymous_4)
FN:63,(anonymous_5)
FN:79,(anonymous_6)
FN:84,(anonymous_7)
FN:85,(anonymous_8)
FN:104,(anonymous_9)
FN:109,(anonymous_10)
FN:110,(anonymous_11)
FN:118,(anonymous_12)
FN:134,(anonymous_13)
FN:139,(anonymous_14)
FN:140,(anonymous_15)
FN:147,(anonymous_16)
FN:164,(anonymous_17)
FN:183,(anonymous_18)
FN:198,(anonymous_19)
FN:209,(anonymous_20)
FN:216,(anonymous_21)
FN:221,(anonymous_22)
FN:224,(anonymous_23)
FN:230,(anonymous_24)
FN:250,(anonymous_25)
FN:260,(anonymous_26)
FN:268,(anonymous_27)
FN:271,(anonymous_28)
FN:277,(anonymous_29)
FN:302,(anonymous_30)
FN:310,(anonymous_31)
FN:316,(anonymous_32)
FN:319,(anonymous_33)
FN:325,(anonymous_34)
FN:348,(anonymous_35)
FN:352,(anonymous_36)
FN:372,(anonymous_37)
FN:376,(anonymous_38)
FN:394,(anonymous_39)
FN:398,(anonymous_40)
FN:419,(anonymous_41)
FN:423,(anonymous_42)
FNF:43
FNH:0
FNDA:0,(anonymous_0)
FNDA:0,(anonymous_1)
FNDA:0,(anonymous_2)
FNDA:0,(anonymous_3)
FNDA:0,(anonymous_4)
FNDA:0,(anonymous_5)
FNDA:0,(anonymous_6)
FNDA:0,(anonymous_7)
FNDA:0,(anonymous_8)
FNDA:0,(anonymous_9)
FNDA:0,(anonymous_10)
FNDA:0,(anonymous_11)
FNDA:0,(anonymous_12)
FNDA:0,(anonymous_13)
FNDA:0,(anonymous_14)
FNDA:0,(anonymous_15)
FNDA:0,(anonymous_16)
FNDA:0,(anonymous_17)
FNDA:0,(anonymous_18)
FNDA:0,(anonymous_19)
FNDA:0,(anonymous_20)
FNDA:0,(anonymous_21)
FNDA:0,(anonymous_22)
FNDA:0,(anonymous_23)
FNDA:0,(anonymous_24)
FNDA:0,(anonymous_25)
FNDA:0,(anonymous_26)
FNDA:0,(anonymous_27)
FNDA:0,(anonymous_28)
FNDA:0,(anonymous_29)
FNDA:0,(anonymous_30)
FNDA:0,(anonymous_31)
FNDA:0,(anonymous_32)
FNDA:0,(anonymous_33)
FNDA:0,(anonymous_34)
FNDA:0,(anonymous_35)
FNDA:0,(anonymous_36)
FNDA:0,(anonymous_37)
FNDA:0,(anonymous_38)
FNDA:0,(anonymous_39)
FNDA:0,(anonymous_40)
FNDA:0,(anonymous_41)
FNDA:0,(anonymous_42)
DA:9,0
DA:10,0
DA:15,0
DA:16,0
DA:17,0
DA:19,0
DA:20,0
DA:21,0
DA:22,0
DA:25,0
DA:26,0
DA:43,0
DA:44,0
DA:46,0
DA:50,0
DA:54,0
DA:55,0
DA:56,0
DA:57,0
DA:59,0
DA:60,0
DA:61,0
DA:62,0
DA:63,0
DA:64,0
DA:66,0
DA:67,0
DA:69,0
DA:73,0
DA:76,0
DA:79,0
DA:80,0
DA:81,0
DA:82,0
DA:84,0
DA:85,0
DA:86,0
DA:87,0
DA:88,0
DA:89,0
DA:91,0
DA:92,0
DA:94,0
DA:98,0
DA:101,0
DA:104,0
DA:105,0
DA:106,0
DA:107,0
DA:109,0
DA:110,0
DA:111,0
DA:112,0
DA:113,0
DA:115,0
DA:116,0
DA:117,0
DA:118,0
DA:119,0
DA:121,0
DA:122,0
DA:124,0
DA:128,0
DA:131,0
DA:134,0
DA:135,0
DA:136,0
DA:137,0
DA:139,0
DA:140,0
DA:141,0
DA:142,0
DA:143,0
DA:145,0
DA:146,0
DA:147,0
DA:148,0
DA:150,0
DA:151,0
DA:153,0
DA:157,0
DA:160,0
DA:164,0
DA:165,0
DA:168,0
DA:171,0
DA:180,0
DA:183,0
DA:184,0
DA:185,0
DA:186,0
DA:187,0
DA:190,0
DA:191,0
DA:192,0
DA:195,0
DA:198,0
DA:200,0
DA:203,0
DA:204,0
DA:206,0
DA:209,0
DA:210,0
DA:211,0
DA:212,0
DA:213,0
DA:214,0
DA:216,0
DA:217,0
DA:218,0
DA:222,0
DA:223,0
DA:225,0
DA:230,0
DA:231,0
DA:232,0
DA:233,0
DA:234,0
DA:235,0
DA:236,0
DA:238,0
DA:239,0
DA:241,0
DA:242,0
DA:243,0
DA:247,0
DA:250,0
DA:251,0
DA:252,0
DA:253,0
DA:254,0
DA:255,0
DA:256,0
DA:257,0
DA:258,0
DA:260,0
DA:261,0
DA:262,0
DA:269,0
DA:270,0
DA:272,0
DA:277,0
DA:278,0
DA:279,0
DA:280,0
DA:281,0
DA:282,0
DA:283,0
DA:284,0
DA:286,0
DA:287,0
DA:289,0
DA:290,0
DA:292,0
DA:293,0
DA:295,0
DA:299,0
DA:302,0
DA:303,0
DA:304,0
DA:305,0
DA:306,0
DA:307,0
DA:308,0
DA:310,0
DA:311,0
DA:312,0
DA:317,0
DA:318,0
DA:320,0
DA:325,0
DA:326,0
DA:327,0
DA:328,0
DA:329,0
DA:330,0
DA:332,0
DA:333,0
DA:335,0
DA:336,0
DA:338,0
DA:339,0
DA:341,0
DA:345,0
DA:348,0
DA:349,0
DA:350,0
DA:352,0
DA:353,0
DA:354,0
DA:355,0
DA:357,0
DA:362,0
DA:363,0
DA:365,0
DA:369,0
DA:372,0
DA:373,0
DA:374,0
DA:376,0
DA:377,0
DA:378,0
DA:379,0
DA:382,0
DA:384,0
DA:385,0
DA:387,0
DA:391,0
DA:394,0
DA:395,0
DA:396,0
DA:398,0
DA:399,0
DA:400,0
DA:401,0
DA:403,0
DA:404,0
DA:408,0
DA:409,0
DA:411,0
DA:415,0
DA:419,0
DA:420,0
DA:421,0
DA:423,0
DA:424,0
DA:425,0
DA:428,0
DA:431,0
DA:440,0
DA:442,0
DA:443,0
DA:445,0
DA:449,0
LF:234
LH:0
BRDA:28,0,0,0
BRDA:28,0,1,0
BRDA:29,1,0,0
BRDA:29,1,1,0
BRDA:30,2,0,0
BRDA:30,2,1,0
BRDA:31,3,0,0
BRDA:31,3,1,0
BRDA:32,4,0,0
BRDA:32,4,1,0
BRDA:33,5,0,0
BRDA:33,5,1,0
BRDA:34,6,0,0
BRDA:34,6,1,0
BRDA:35,7,0,0
BRDA:35,7,1,0
BRDA:36,8,0,0
BRDA:36,8,1,0
BRDA:37,9,0,0
BRDA:37,9,1,0
BRDA:38,10,0,0
BRDA:38,10,1,0
BRDA:39,11,0,0
BRDA:39,11,1,0
BRDA:40,12,0,0
BRDA:40,12,1,0
BRDA:184,13,0,0
BRDA:184,13,1,0
BRDA:186,14,0,0
BRDA:186,14,1,0
BRDA:217,15,0,0
BRDA:217,15,1,0
BRDA:261,16,0,0
BRDA:261,16,1,0
BRDA:261,17,0,0
BRDA:261,17,1,0
BRDA:311,18,0,0
BRDA:311,18,1,0
BRDA:311,19,0,0
BRDA:311,19,1,0
BRDA:359,20,0,0
BRDA:359,20,1,0
BRF:42
BRH:0
end_of_record
TN:
SF:app\utils\db\photo.js
FN:7,(anonymous_0)
FN:14,(anonymous_1)
FN:19,(anonymous_2)
FN:26,(anonymous_3)
FN:31,(anonymous_4)
FNF:5
FNH:0
FNDA:0,(anonymous_0)
FNDA:0,(anonymous_1)
FNDA:0,(anonymous_2)
FNDA:0,(anonymous_3)
FNDA:0,(anonymous_4)
DA:7,0
DA:9,0
DA:14,0
DA:16,0
DA:19,0
DA:21,0
DA:26,0
DA:28,0
DA:31,0
DA:32,0
DA:33,0
DA:34,0
DA:36,0
DA:38,0
DA:39,0
LF:15
LH:0
BRDA:14,0,0,0
BRDA:14,0,1,0
BRDA:26,1,0,0
BRDA:26,1,1,0
BRF:4
BRH:0
end_of_record
TN:
SF:app\utils\db\user.js
FN:4,(anonymous_0)
FNF:1
FNH:0
FNDA:0,(anonymous_0)
DA:4,0
DA:5,0
LF:2
LH:0
BRF:0
BRH:0
end_of_record
